[art-furniture-1.myshopify.com/index.html]
[cdn.shopify.com/s/files/1/0011/2918/5331/t/2/assets/faviconf0ec.png]
[backblue.gif]
[fade.gif]
[index.html]
[cdn.shopify.com/s/files/1/0011/2918/5331/t/2/assets/timber.scssf0ec.css]
[cdn.shopify.com/s/files/1/0011/2918/5331/t/2/assets/preloaderf0ec.css]
[cdn.shopify.com/s/files/1/0011/2918/5331/t/2/assets/bootstrap.minf0ec.css]
[cdn.shopify.com/s/files/1/0011/2918/5331/t/2/assets/owl.carousel.minf0ec.css]
[cdn.shopify.com/s/files/1/0011/2918/5331/t/2/assets/font-awesome.minf0ec.css]
[cdn.shopify.com/s/files/1/0011/2918/5331/t/2/assets/meanmenuf0ec.css]
[cdn.shopify.com/s/files/1/0011/2918/5331/t/2/assets/ie7f0ec.css]
[cdn.shopify.com/s/files/1/0011/2918/5331/t/2/assets/animatef0ec.css]
[cdn.shopify.com/s/files/1/0011/2918/5331/t/2/assets/bundlef0ec.css]
[cdn.shopify.com/s/files/1/0011/2918/5331/t/2/assets/slickf0ec.css]
[cdn.shopify.com/s/files/1/0011/2918/5331/t/2/assets/stylef0ec.css]
[cdn.shopify.com/s/files/1/0011/2918/5331/t/2/assets/responsivef0ec.css]
[cdn.shopify.com/s/files/1/0011/2918/5331/t/2/assets/customf0ec.css]
[cdn.shopify.com/s/files/1/0011/2918/5331/t/2/assets/custom-responsivef0ec.css]
[cdn.shopify.com/s/files/1/0011/2918/5331/t/2/assets/theme-colorf0ec.css]
[cdn.shopify.com/s/files/1/0011/2918/5331/t/2/assets/skin-themef0ec.css]
[cdn.shopify.com/s/javascripts/tricorder/trekkie.storefront.min97e4.js]
[cdn.shopify.com/s/assets/shop_events_listener-f2c5800305098f0ebebdfa7d980c9abf56514c46d5305e97a7c476f7c9116163.js]
[cdn.shopify.com/s/assets/storefront/express_buttons-5961907b24b9b22b83a01b8f3557347fb05e5c1e153919bb0ebe8bb7c8639d2a.js]
[cdn.shopify.com/s/assets/storefront/features-db477f4713619b56f71a861240c1eaa9ac8e378ecd18ca996b6ca2f7e64cd4cf.js]
[cdn.shopify.com/s/files/1/0011/2918/5331/t/2/compiled_assets/stylesf0ec.css]
[ajax.googleapis.com/ajax/libs/jquery/1.12.4/jquery.min.js]
[cdn.shopify.com/s/files/1/0011/2918/5331/t/2/assets/modernizr-3.5.0.minf0ec.js]
[cdn.shopify.com/s/files/1/0011/2918/5331/t/2/assets/popperf0ec.js]
[cdn.shopify.com/s/files/1/0011/2918/5331/t/2/assets/jquery-3.2.1.minf0ec.js]
[cdn.shopify.com/s/files/1/0011/2918/5331/t/2/assets/bootstrap.minf0ec.js]
[cdn.shopify.com/s/files/1/0011/2918/5331/t/2/assets/owl.carousel.minf0ec.js]
[cdn.shopify.com/s/files/1/0011/2918/5331/t/2/assets/jquery.meanmenuf0ec.js]
[cdn.shopify.com/s/files/1/0011/2918/5331/t/2/assets/pluginsf0ec.js]
[cdn.shopify.com/s/files/1/0011/2918/5331/t/2/assets/jquery.matchHeightf0ec.js]
[cdn.shopify.com/s/files/1/0011/2918/5331/t/2/assets/instafeed.minf0ec.js]
[cdn.shopify.com/s/assets/themes_support/option_selection-ea4f4a242e299f2227b2b8038152223f741e90780c0c766883939e8902542bda.js]
[cdn.shopify.com/s/assets/themes_support/api.jquery-0ea851da22ae87c0290f4eeb24bc8b513ca182f3eb721d147c009ae0f5ce14f9.js]
[cdn.shopify.com/s/files/1/0011/2918/5331/t/2/assets/cart.apif0ec.js]
[cdn.shopify.com/s/files/1/0011/2918/5331/t/2/assets/themef0ec.js]
[cdn.shopify.com/s/assets/themes_support/shopify_common-040322ee69221c50a47032355f2f7e6cbae505567e2157d53dfb0a2e7701839c.js]
[cdn.shopify.com/s/files/1/0011/2918/5331/t/2/assets/newsletter-jsf0ec.js]
[art-furniture-1.myshopify.com/account/login.html]
[cdn.shopify.com/s/files/1/0011/2918/5331/files/logo_e3707644-28bc-4865-9941-21a60cf01645_compact6c81.png]
[art-furniture-1.myshopify.com/pages/wishlist.html]
[cdn.shopify.com/s/files/1/0011/2918/5331/files/email_compact474c.png]
[cdn.shopify.com/s/files/1/0011/2918/5331/files/cart_797f5086-4073-494a-a258-e0cf4240f7e6_compactf4e9.png]
[art-furniture-1.myshopify.com/cart.html]
[art-furniture-1.myshopify.com/collections/all.html]
[cdn.shopify.com/s/files/1/0011/2918/5331/collections/33_large633e.jpg]
[art-furniture-1.myshopify.com/collections/featured-products.html]
[art-furniture-1.myshopify.com/products/donec-non-est-ullamcorper.html]
[art-furniture-1.myshopify.com/products/aliquam-consequat-mattis.html]
[art-furniture-1.myshopify.com/pages/about.html]
[art-furniture-1.myshopify.com/blogs/news.html]
[art-furniture-1.myshopify.com/blogs/news/temporibus-autem-quibusdam-1.html]
[art-furniture-1.myshopify.com/pages/contact.html]
[cdn.shopify.com/s/files/1/0011/2918/5331/files/1b3d5.jpg]
[cdn.shopify.com/s/files/1/0011/2918/5331/files/24f64.jpg]
[cdn.shopify.com/s/files/1/0011/2918/5331/files/1_310fc957-dd94-4feb-9acc-c8529a2cf2bf25c3.jpg]
[cdn.shopify.com/s/files/1/0011/2918/5331/files/2_17c3ab4a-c967-4eb3-8ff9-a1af6d87906a5d2d.jpg]
[cdn.shopify.com/s/files/1/0011/2918/5331/files/397b1.jpg]
[art-furniture-1.myshopify.com/products/largest-water-pot.html]
[cdn.shopify.com/s/files/1/0011/2918/5331/products/18_3744c5fe-d4fd-4ffd-a3a2-765e0c7333ec_large4d1d.jpg]
[cdn.shopify.com/s/files/1/0011/2918/5331/products/24_42fde455-60fd-41eb-8b23-635f64c02b0d_large1808.jpg]
[cdn.shopify.com/s/files/1/0011/2918/5331/products/20_1dbcdee7-e455-413c-a10b-30780ab661d9_large1101.jpg]
[cdn.shopify.com/s/files/1/0011/2918/5331/products/21_ab342254-6f91-4edd-a314-8b329e17ddcc_largea18d.jpg]
[art-furniture-1.myshopify.com/products/nemo-enim-ipsam.html]
[cdn.shopify.com/s/files/1/0011/2918/5331/products/7_98a4f9b5-f11b-4e18-9258-acc38b3cf28b_large2451.jpg]
[art-furniture-1.myshopify.com/products/product-dummy-name.html]
[cdn.shopify.com/s/files/1/0011/2918/5331/products/8_e1ecc4a7-2507-4f8c-ba94-55845397604d_largee3bc.jpg]
[cdn.shopify.com/s/files/1/0011/2918/5331/products/13_47961117-bcc6-48bc-bf35-42becbb68030_large6e5d.jpg]
[art-furniture-1.myshopify.com/products/hair-brush-box.html]
[cdn.shopify.com/s/files/1/0011/2918/5331/products/14_f661269e-7bc0-47fe-9e49-d1f28781ae31_large1881.jpg]
[cdn.shopify.com/s/files/1/0011/2918/5331/products/9_1754fdac-0615-4ea7-bc4c-d7fbedac57d1_large1172.jpg]
[art-furniture-1.myshopify.com/products/florem-ipsum-dolor-sit.html]
[cdn.shopify.com/s/files/1/0011/2918/5331/products/10_bf7b4d90-dda3-435d-904f-6874207a1d35_large1172.jpg]
[cdn.shopify.com/s/files/1/0011/2918/5331/products/5_64e3305c-0775-4083-808f-7144f884f671_large4e65.jpg]
[art-furniture-1.myshopify.com/products/fat-fermentum-metusid.html]
[cdn.shopify.com/s/files/1/0011/2918/5331/products/6_ddd56c41-67dd-4f8d-8b9b-26531f402267_largeb5e6.jpg]
[cdn.shopify.com/s/files/1/0011/2918/5331/products/1_72ac72fc-74d1-4116-b06a-36ef23413998_large22fd.jpg]
[art-furniture-1.myshopify.com/products/dummy-product-title-1.html]
[cdn.shopify.com/s/files/1/0011/2918/5331/products/2_928302a2-61ec-48bb-85e4-6b05977fc7c0_largec6fa.jpg]
[cdn.shopify.com/s/files/1/0011/2918/5331/products/34_b0fdb4a0-a095-4279-b1b3-46bdb6741e90_large910b.jpg]
[cdn.shopify.com/s/files/1/0011/2918/5331/products/35_6c0d0d2f-740c-471b-8eb2-1095809ca8ca_large910b.jpg]
[art-furniture-1.myshopify.com/products/dummy-product-name-9.html]
[cdn.shopify.com/s/files/1/0011/2918/5331/products/26_06a288c9-3538-4914-9673-32e255117aa0_largeb19a.jpg]
[cdn.shopify.com/s/files/1/0011/2918/5331/products/30_3f175690-d5ab-4486-9ebc-abeab9f47281_large66fc.jpg]
[cdn.shopify.com/s/files/1/0011/2918/5331/products/34_7bc14492-16b9-459b-94e8-6501489f55ae_largee368.jpg]
[art-furniture-1.myshopify.com/products/dummy-product-name-6.html]
[cdn.shopify.com/s/files/1/0011/2918/5331/products/35_604b1c97-efa2-4b7d-bdec-8f4f5f1afe00_largedf9c.jpg]
[cdn.shopify.com/s/files/1/0011/2918/5331/products/33_large934e.jpg]
[cdn.shopify.com/s/files/1/0011/2918/5331/products/32_large934e.jpg]
[art-furniture-1.myshopify.com/products/dummy-product-name.html]
[cdn.shopify.com/s/files/1/0011/2918/5331/products/28_4e80cd33-23b9-4f38-92e7-72efca73182b_large8ee5.jpg]
[cdn.shopify.com/s/files/1/0011/2918/5331/products/31_f0a2e12f-a292-4c94-beb0-d3f3f182d1a3_large5a5a.jpg]
[art-furniture-1.myshopify.com/products/dummy-product-name-3.html]
[cdn.shopify.com/s/files/1/0011/2918/5331/products/25_6a1cc79c-bd77-4be9-985c-1ebcaafdf610_large7a15.jpg]
[art-furniture-1.myshopify.com/products/donec-ac-tempus-nrb.html]
[cdn.shopify.com/s/files/1/0011/2918/5331/products/29_large932e.jpg]
[cdn.shopify.com/s/files/1/0011/2918/5331/products/20_0c2d64bd-9392-4a32-9364-e7f782e09e8f_largea177.jpg]
[cdn.shopify.com/s/files/1/0011/2918/5331/products/21_5a5f1c86-0227-4616-b634-2f42a9f4cc0a_largea177.jpg]
[art-furniture-1.myshopify.com/products/demo-product-title-1.html]
[cdn.shopify.com/s/files/1/0011/2918/5331/products/17_2ae8d715-6bad-43cd-ac62-1159f1706551_large7a77.jpg]
[cdn.shopify.com/s/files/1/0011/2918/5331/products/18_76b1d163-534f-4c78-ae5e-60f8b111b247_large2958.jpg]
[art-furniture-1.myshopify.com/products/demo-product-title-2.html]
[cdn.shopify.com/s/files/1/0011/2918/5331/products/13_e5960f8a-fc66-42c4-a50e-4c26c6460c41_largecdf2.jpg]
[art-furniture-1.myshopify.com/products/consequences-roin-lectus.html]
[cdn.shopify.com/s/files/1/0011/2918/5331/products/14_7ae39727-7f14-46ae-8a8a-7bb56a7c890a_largecdf2.jpg]
[cdn.shopify.com/s/files/1/0011/2918/5331/products/9_ad8fe41f-0776-45ea-b62e-a463d003708c_large6cd0.jpg]
[cdn.shopify.com/s/files/1/0011/2918/5331/products/10_4732e026-2737-415e-825e-c3f494ca3ded_large394d.jpg]
[cdn.shopify.com/s/files/1/0011/2918/5331/products/5_45cca5d3-2df6-418b-b051-c5b4fbd483d5_large1a2a.jpg]
[art-furniture-1.myshopify.com/products/carry-bag-of-leather.html]
[cdn.shopify.com/s/files/1/0011/2918/5331/products/6_8400b0cd-8acc-4b97-8cdd-fd41cad1545a_large1a2a.jpg]
[cdn.shopify.com/s/files/1/0011/2918/5331/products/1_large5fb6.jpg]
[cdn.shopify.com/s/files/1/0011/2918/5331/products/2_largeb7f7.jpg]
[art-furniture-1.myshopify.com/products/accusantium-doloremque.html]
[cdn.shopify.com/s/files/1/0011/2918/5331/files/446b1.jpg]
[cdn.shopify.com/s/files/1/0011/2918/5331/files/554d0.jpg]
[art-furniture-1.myshopify.com/collections.html]
[cdn.shopify.com/s/files/1/0011/2918/5331/files/6fff6.jpg]
[cdn.shopify.com/s/files/1/0011/2918/5331/files/7f977.jpg]
[cdn.shopify.com/s/files/1/0011/2918/5331/files/9b6ea.jpg]
[cdn.shopify.com/s/files/1/0011/2918/5331/files/8bb70.jpg]
[cdn.shopify.com/s/files/1/0011/2918/5331/products/7_739bcac3-26f6-403a-a8bc-66d4b6c04591_large3e08.jpg]
[cdn.shopify.com/s/files/1/0011/2918/5331/products/8_471c5d3a-0b58-4d58-b1bf-d67aaa373393_large3e08.jpg]
[cdn.shopify.com/s/files/1/0011/2918/5331/products/25_3de05164-93f6-4a85-af9d-1a4905c24d15_largefe6c.jpg]
[cdn.shopify.com/s/files/1/0011/2918/5331/products/29_df83ae91-a7cc-4aac-b5db-79891347121d_largeb906.jpg]
[art-furniture-1.myshopify.com/products/dummy-product-name-7.html]
[cdn.shopify.com/s/files/1/0011/2918/5331/products/22_3ef1e2ee-1062-4a4d-95a1-cb63674715eb_large39de.jpg]
[cdn.shopify.com/s/files/1/0011/2918/5331/products/23_32f93b05-b6cf-4c3c-bd23-f33f04a850b5_larged419.jpg]
[art-furniture-1.myshopify.com/products/dummy-product-name-1.html]
[cdn.shopify.com/s/files/1/0011/2918/5331/products/26_2d72154d-57b3-4a97-a912-ce2edbacf699_large8b8e.jpg]
[cdn.shopify.com/s/files/1/0011/2918/5331/products/27_34913ea3-576e-4c93-96cf-cd853f3b3169_large2a3d.jpg]
[cdn.shopify.com/s/files/1/0011/2918/5331/products/22_fedb2fbd-aae5-4e69-b2d7-adb8d7dfca83_large1229.jpg]
[cdn.shopify.com/s/files/1/0011/2918/5331/products/23_8cd21245-e8bc-44c8-a9ef-724949ff5537_large70ea.jpg]
[art-furniture-1.myshopify.com/products/dolore-magnam-aliquam.html]
[cdn.shopify.com/s/files/1/0011/2918/5331/files/1003ff.jpg]
[cdn.shopify.com/s/files/1/0011/2918/5331/files/1165f4.jpg]
[cdn.shopify.com/s/files/1/0011/2918/5331/files/127b6c.jpg]
[cdn.shopify.com/s/files/1/0011/2918/5331/products/13_47961117-bcc6-48bc-bf35-42becbb68030_280x6e5d.jpg]
[cdn.shopify.com/s/files/1/0011/2918/5331/products/3_4ecd98f9-665c-45b2-a8b3-142858d58e1e_280x8450.jpg]
[art-furniture-1.myshopify.com/products/exercitation-ullamco.html]
[cdn.shopify.com/s/files/1/0011/2918/5331/products/37_fa56b908-d549-4a04-ae76-7d9dfd56c381_280xf0ca.jpg]
[cdn.shopify.com/s/files/1/0011/2918/5331/products/18_3744c5fe-d4fd-4ffd-a3a2-765e0c7333ec_280x4d1d.jpg]
[art-furniture-1.myshopify.com/products/dummy-product-title.html]
[cdn.shopify.com/s/files/1/0011/2918/5331/products/20_1dbcdee7-e455-413c-a10b-30780ab661d9_280x1101.jpg]
[cdn.shopify.com/s/files/1/0011/2918/5331/products/7_739bcac3-26f6-403a-a8bc-66d4b6c04591_280x3e08.jpg]
[cdn.shopify.com/s/files/1/0011/2918/5331/products/34_b0fdb4a0-a095-4279-b1b3-46bdb6741e90_280x910b.jpg]
[cdn.shopify.com/s/files/1/0011/2918/5331/products/5_45cca5d3-2df6-418b-b051-c5b4fbd483d5_280x1a2a.jpg]
[cdn.shopify.com/s/files/1/0011/2918/5331/articles/8abab.jpg]
[art-furniture-1.myshopify.com/blogs/news/it-is-a-long-established-fact-that-a-reader-will-2.html]
[art-furniture-1.myshopify.com/blogs/news/it-is-a-long-established-fact-that-a-reader-will-3.html]
[cdn.shopify.com/s/files/1/0011/2918/5331/articles/114802.jpg]
[cdn.shopify.com/s/files/1/0011/2918/5331/articles/10f504.jpg]
[art-furniture-1.myshopify.com/blogs/news/temporibus-autem-quibusdam-2.html]
[cdn.shopify.com/s/files/1/0011/2918/5331/articles/7d540.jpg]
[art-furniture-1.myshopify.com/blogs/news/the-standard-chunk-of-lorem-ipsum-used-since-4.html]
[cdn.shopify.com/s/files/1/0011/2918/5331/articles/12924e.jpg]
[art-furniture-1.myshopify.com/blogs/news/the-standard-chunk-of-lorem-ipsum-used-since-3.html]
[cdn.shopify.com/s/files/1/0011/2918/5331/articles/91db5.jpg]
[art-furniture-1.myshopify.com/blogs/news/the-standard-chunk-of-lorem-ipsum-used-since-2.html]
[cdn.shopify.com/s/files/1/0011/2918/5331/articles/68684.jpg]
[art-furniture-1.myshopify.com/blogs/news/the-standard-chunk-of-lorem-ipsum-used-since-1.html]
[cdn.shopify.com/s/files/1/0011/2918/5331/articles/43fdb.jpg]
[art-furniture-1.myshopify.com/blogs/news/it-is-a-long-established-fact-that-a-reader-will-1.html]
[cdn.shopify.com/s/files/1/0011/2918/5331/articles/53d4e.jpg]
[cdn.shopify.com/s/files/1/0011/2918/5331/articles/32729.jpg]
[art-furniture-1.myshopify.com/blogs/news/temporibus-autem-quibusdam.html]
[cdn.shopify.com/s/files/1/0011/2918/5331/articles/2dcdf.jpg]
[art-furniture-1.myshopify.com/blogs/news/the-standard-chunk-of-lorem-ipsum-used-since.html]
[cdn.shopify.com/s/files/1/0011/2918/5331/articles/1cd0e.jpg]
[art-furniture-1.myshopify.com/blogs/news/it-is-a-long-established-fact-that-a-reader-will.html]
[cdn.shopify.com/s/files/1/0011/2918/5331/files/shipping_compact398e.png]
[cdn.shopify.com/s/files/1/0011/2918/5331/files/online_compact5efc.png]
[cdn.shopify.com/s/files/1/0011/2918/5331/files/money_compact0b36.png]
[cdn.shopify.com/s/files/1/0011/2918/5331/files/member_compactb8cd.png]
[cdn.shopify.com/s/files/1/0011/2918/5331/files/logo-2_compact2878.png]
[art-furniture-1.myshopify.com/pages/shipping-policy.html]
[cdn.shopify.com/s/files/1/0011/2918/5331/files/payment_largeb3d4.png]
[cdn.shopify.com/s/files/1/0011/2918/5331/t/2/assets/fastclick.minf0ec.js]
[cdn.shopify.com/s/files/1/0011/2918/5331/t/2/assets/timberf0ec.js]
[cdn.shopify.com/s/files/1/0011/2918/5331/t/2/assets/handlebars.minf0ec.js]
[cdn.shopify.com/s/files/1/0011/2918/5331/t/2/assets/ajax-cartf0ec.js]
[your-site-name-1.disqus.com/count.js]
[connect.facebook.net/en_US/sdk.js]
[cdn.shopify.com/s/files/1/0011/2918/5331/t/2/assets/wishlistf0ec.js]
[cdn.shopify.com/s/javascripts/currencies.js]
[cdn.shopify.com/s/files/1/0011/2918/5331/t/2/assets/jquery.currencies.minf0ec.js]
[www.google-analytics.com/analytics.js]
[art-furniture-1.myshopify.com/index.html]
[cdn.shopify.com/s/files/1/0011/2918/5331/t/2/assets/icons8e40.eot]
[cdn.shopify.com/s/files/1/0011/2918/5331/t/2/assets/icons8e40.woff]
[cdn.shopify.com/s/files/1/0011/2918/5331/t/2/assets/icons8e40.ttf]
[cdn.shopify.com/s/files/1/0011/2918/5331/t/2/assets/icons8e40.svg]
[cdn.shopify.com/s/files/1/0011/2918/5331/t/2/assets/ico-select8e40.svg]
[cdn.shopify.com/s/files/1/0011/2918/5331/t/2/assets/timber.scssf0ec.css]
[cdn.shopify.com/s/files/1/0011/2918/5331/t/2/assets/preloaderf0ec.css]
[cdn.shopify.com/s/files/1/0011/2918/5331/t/2/assets/bootstrap.minf0ec.css]
[cdn.shopify.com/s/files/1/0011/2918/5331/t/2/assets/owl.video.play.png]
[cdn.shopify.com/s/files/1/0011/2918/5331/t/2/assets/owl.carousel.minf0ec.css]
[cdn.shopify.com/s/files/1/0011/2918/5331/t/2/assets/fontawesome-webfont3e6e.woff2]
[cdn.shopify.com/s/files/1/0011/2918/5331/t/2/assets/fontawesome-webfont3e6e.woff]
[cdn.shopify.com/s/files/1/0011/2918/5331/t/2/assets/fontawesome-webfont3e6e.eot]
[cdn.shopify.com/s/files/1/0011/2918/5331/t/2/assets/fontawesome-webfontd41d.eot]
[cdn.shopify.com/s/files/1/0011/2918/5331/t/2/assets/font-awesome.minf0ec.css]
[cdn.shopify.com/s/files/1/0011/2918/5331/t/2/assets/Stroke-Gap-Icons.svg]
[cdn.shopify.com/s/files/1/0011/2918/5331/t/2/assets/ie7f0ec.css]
[cdn.shopify.com/s/files/1/0011/2918/5331/t/2/assets/meanmenuf0ec.css]
[cdn.shopify.com/s/files/1/0011/2918/5331/t/2/assets/animatef0ec.css]
[cdn.shopify.com/s/files/1/0011/2918/5331/t/2/assets/Stroke-Gap-Icons.eot]
[cdn.shopify.com/s/files/1/0011/2918/5331/t/2/assets/fontawesome-webfont3e6e.svg]
[cdn.shopify.com/s/files/1/0011/2918/5331/t/2/img/bg/1.jpg]
[cdn.shopify.com/s/files/1/0011/2918/5331/t/2/img/bg/2.jpg]
[cdn.shopify.com/s/files/1/0011/2918/5331/t/2/img/bg/3.jpg]
[cdn.shopify.com/s/files/1/0011/2918/5331/t/2/assets/fontawesome-webfont3e6e.ttf]
[cdn.shopify.com/s/files/1/0011/2918/5331/t/2/img/bg/4.jpg]
[cdn.shopify.com/s/files/1/0011/2918/5331/t/2/img/bg/5.jpg]
[cdn.shopify.com/s/files/1/0011/2918/5331/t/2/assets/bundlef0ec.css]
[cdn.shopify.com/s/files/1/0011/2918/5331/t/2/assets/slickf0ec.css]
[cdn.shopify.com/s/files/1/0011/2918/5331/t/2/img/icon/facebook.png]
[cdn.shopify.com/s/files/1/0011/2918/5331/t/2/img/icon/twitter.png]
[cdn.shopify.com/s/files/1/0011/2918/5331/t/2/img/icon/pinterest.jpg]
[cdn.shopify.com/s/files/1/0011/2918/5331/t/2/img/icon/googleplus.jpg]
[cdn.shopify.com/s/files/1/0011/2918/5331/t/2/assets/stylef0ec.css]
[cdn.shopify.com/s/files/1/0011/2918/5331/t/2/assets/responsivef0ec.css]
[cdn.shopify.com/s/files/1/0011/2918/5331/t/2/assets/customf0ec.css]
[cdn.shopify.com/s/files/1/0011/2918/5331/t/2/assets/custom-responsivef0ec.css]
[cdn.shopify.com/s/files/1/0011/2918/5331/t/2/assets/theme-colorf0ec.css]
[cdn.shopify.com/s/files/1/0011/2918/5331/t/2/assets/skin-themef0ec.css]
[cdn.shopify.com/s/files/1/0011/2918/5331/t/2/compiled_assets/stylesf0ec.css]
[cdn.shopify.com/s/files/1/0011/2918/5331/t/2/compiled_assets/scriptsf0ec.js]
[art-furniture-1.myshopify.com/account/login.html]
[art-furniture-1.myshopify.com/pages/wishlist.html]
[art-furniture-1.myshopify.com/cart.html]
[art-furniture-1.myshopify.com/account/register.html]
[art-furniture-1.myshopify.com/collections/all4658.html]
[cdn.shopify.com/s/files/1/0011/2918/5331/files/19deaf.jpg]
[art-furniture-1.myshopify.com/collections/all.atom]
[cdn.shopify.com/s/files/1/0011/2918/5331/products/3_cb9e4770-0bfe-48f3-a613-1a1984361796_larged2c8.jpg]
[cdn.shopify.com/s/files/1/0011/2918/5331/products/4_101ff063-3a3a-4772-9e4b-4cc6b0ca43b8_larged2c8.jpg]
[cdn.shopify.com/s/files/1/0011/2918/5331/products/11_e76e1204-7455-4d6a-8f10-ad84d0eebb6a_largec1cb.jpg]
[cdn.shopify.com/s/files/1/0011/2918/5331/products/12_7575e403-f99d-4543-a1f7-dbc78053e76a_largef1db.jpg]
[art-furniture-1.myshopify.com/products/consectetur-adipiscing-elit.html]
[cdn.shopify.com/s/files/1/0011/2918/5331/products/15_ee40f0a1-18af-4d70-828d-1b7408d9c39b_largecc3a.jpg]
[art-furniture-1.myshopify.com/products/cras-neque-metus.html]
[cdn.shopify.com/s/files/1/0011/2918/5331/products/31_largecc3a.jpg]
[cdn.shopify.com/s/files/1/0011/2918/5331/products/18_857aba5a-a673-4944-8267-96be7d41d229_largeac38.jpg]
[cdn.shopify.com/s/files/1/0011/2918/5331/products/24_large8b5f.jpg]
[art-furniture-1.myshopify.com/products/demo-product-title-3.html]
[cdn.shopify.com/s/files/1/0011/2918/5331/products/19_c94c4d0e-c316-4bde-8316-0175d15de82b_largea0af.jpg]
[cdn.shopify.com/s/files/1/0011/2918/5331/products/34_largef914.jpg]
[art-furniture-1.myshopify.com/products/demo-product-title.html]
[art-furniture-1.myshopify.com/collections/all9ba9.html]
[art-furniture-1.myshopify.com/collections/best-seller-products.html]
[art-furniture-1.myshopify.com/collections/new-arrivals-products.html]
[art-furniture-1.myshopify.com/collections/new-products.html]
[art-furniture-1.myshopify.com/collections/onsale-products.html]
[art-furniture-1.myshopify.com/collections/all/red.html]
[art-furniture-1.myshopify.com/collections/all/green.html]
[art-furniture-1.myshopify.com/collections/all/blue.html]
[art-furniture-1.myshopify.com/collections/all/white.html]
[art-furniture-1.myshopify.com/collections/all/yellow.html]
[art-furniture-1.myshopify.com/collections/vendors9932.html]
[art-furniture-1.myshopify.com/collections/vendors7b34.html]
[art-furniture-1.myshopify.com/collections/vendorsdb8a.html]
[art-furniture-1.myshopify.com/collections/vendors55ac.html]
[art-furniture-1.myshopify.com/collections/vendors650e.html]
[art-furniture-1.myshopify.com/collections/typesa0fc.html]
[art-furniture-1.myshopify.com/collections/typesd8f6.html]
[art-furniture-1.myshopify.com/collections/types170d.html]
[art-furniture-1.myshopify.com/collections/typese362.html]
[art-furniture-1.myshopify.com/collections/all/xl.html]
[art-furniture-1.myshopify.com/collections/all/xs.html]
[art-furniture-1.myshopify.com/collections/all/l.html]
[art-furniture-1.myshopify.com/collections/all/brown.html]
[cdn.shopify.com/s/files/1/0011/2918/5331/products/1_72ac72fc-74d1-4116-b06a-36ef23413998_280x22fd.jpg]
[cdn.shopify.com/s/files/1/0011/2918/5331/files/18d521.jpg]
[art-furniture-1.myshopify.com/collections/all/partex.html]
[art-furniture-1.myshopify.com/collections/all.html]
[art-furniture-1.myshopify.com/collections/featured-products4658.html]
[art-furniture-1.myshopify.com/collections/featured-products.oembed]
[art-furniture-1.myshopify.com/collections/featured-products.atom]
[art-furniture-1.myshopify.com/collections/featured-products.html]
[cdn.shopify.com/s/files/1/0011/2918/5331/products/28_95a068a2-1f51-4fde-9ee8-6e127b665e80_grande81e5.jpg]
[cdn.shopify.com/s/files/1/0011/2918/5331/products/27_34913ea3-576e-4c93-96cf-cd853f3b3169_grande2a3d.jpg]
[cdn.shopify.com/s/files/1/0011/2918/5331/products/26_2d72154d-57b3-4a97-a912-ce2edbacf699_grande8b8e.jpg]
[art-furniture-1.myshopify.com/products/donec-non-est-ullamcorper.oembed]
[cdn.shopify.com/s/files/1/0011/2918/5331/products/26_2d72154d-57b3-4a97-a912-ce2edbacf6998b8e.jpg]
[cdn.shopify.com/s/files/1/0011/2918/5331/products/27_34913ea3-576e-4c93-96cf-cd853f3b31692a3d.jpg]
[cdn.shopify.com/s/files/1/0011/2918/5331/products/28_95a068a2-1f51-4fde-9ee8-6e127b665e8081e5.jpg]
[cdn.shopify.com/s/files/1/0011/2918/5331/products/29_c2a7c6bc-bdb4-4ca6-87b6-f7b742c8cc5a7327.jpg]
[cdn.shopify.com/s/files/1/0011/2918/5331/products/307327.jpg]
[cdn.shopify.com/s/files/1/0011/2918/5331/products/28_95a068a2-1f51-4fde-9ee8-6e127b665e80_large81e5.jpg]
[cdn.shopify.com/s/files/1/0011/2918/5331/products/29_c2a7c6bc-bdb4-4ca6-87b6-f7b742c8cc5a_large7327.jpg]
[cdn.shopify.com/s/files/1/0011/2918/5331/products/30_large7327.jpg]
[demo-store.disqus.com/embed.js]
[cdn.shopify.com/s/files/1/0011/2918/5331/products/37_fa56b908-d549-4a04-ae76-7d9dfd56c381_largef0ca.jpg]
[cdn.shopify.com/s/files/1/0011/2918/5331/products/13_a0571c80-e746-4bc2-abae-0eb81169d9a7_large26e5.jpg]
[cdn.shopify.com/s/files/1/0011/2918/5331/products/32_a276b157-33a6-43d8-88a7-392658a1faca_largeda79.jpg]
[cdn.shopify.com/s/files/1/0011/2918/5331/products/33_f380d9ac-ab8f-4b2f-809d-6ad15906792b_largeccbe.jpg]
[art-furniture-1.myshopify.com/products/dummy-product-name-8.html]
[cdn.shopify.com/s/files/1/0011/2918/5331/products/28_b5245b5d-81b3-40b6-b69c-bbfa8bb65e38_large21b9.jpg]
[art-furniture-1.myshopify.com/products/dummy-product-name-5.html]
[cdn.shopify.com/s/files/1/0011/2918/5331/products/31_1261ac0a-59a5-4f7e-aab5-1dc759e1c9f3_large6f7b.jpg]
[cdn.shopify.com/s/files/1/0011/2918/5331/products/3_4ecd98f9-665c-45b2-a8b3-142858d58e1e_large8450.jpg]
[cdn.shopify.com/s/files/1/0011/2918/5331/products/4_ad7bf6e7-d206-49c8-aadf-33fb7a1f3314_large8450.jpg]
[cdn.shopify.com/s/files/1/0011/2918/5331/products/7_5137cba5-7c16-4a25-a1cb-9f3fee2c2e07_large9c6f.jpg]
[cdn.shopify.com/s/files/1/0011/2918/5331/products/8_98d25585-0e97-4cb5-a2d2-df73076c1e41_largea443.jpg]
[art-furniture-1.myshopify.com/products/fhasellus-viverra-urna.html]
[cdn.shopify.com/s/files/1/0011/2918/5331/products/11_cef672b1-da85-4c13-bcef-b7abf52961da_largecf6e.jpg]
[cdn.shopify.com/s/files/1/0011/2918/5331/products/12_43477f3c-36ba-4532-8818-f5745b96640f_large0077.jpg]
[art-furniture-1.myshopify.com/products/donec-non-est-ullamcorper.html]
[art-furniture-1.myshopify.com/products/fugiat-quo-voluptas.html]
[cdn.shopify.com/s/files/1/0011/2918/5331/products/7_3c5d5be7-cf9f-4a4c-a636-a07451b56ef5_grandefae4.jpg]
[cdn.shopify.com/s/files/1/0011/2918/5331/products/6_8400b0cd-8acc-4b97-8cdd-fd41cad1545a_grande1a2a.jpg]
[cdn.shopify.com/s/files/1/0011/2918/5331/products/5_45cca5d3-2df6-418b-b051-c5b4fbd483d5_grande1a2a.jpg]
[cdn.shopify.com/s/files/1/0011/2918/5331/products/5_45cca5d3-2df6-418b-b051-c5b4fbd483d51a2a.jpg]
[art-furniture-1.myshopify.com/products/aliquam-consequat-mattis.oembed]
[cdn.shopify.com/s/files/1/0011/2918/5331/products/6_8400b0cd-8acc-4b97-8cdd-fd41cad1545a1a2a.jpg]
[cdn.shopify.com/s/files/1/0011/2918/5331/products/7_3c5d5be7-cf9f-4a4c-a636-a07451b56ef5fae4.jpg]
[cdn.shopify.com/s/files/1/0011/2918/5331/products/8_531bea38-c609-44e7-a06e-07ce65b4edbef4d1.jpg]
[cdn.shopify.com/s/files/1/0011/2918/5331/products/9f4d1.jpg]
[cdn.shopify.com/s/files/1/0011/2918/5331/products/10f03f.jpg]
[cdn.shopify.com/s/files/1/0011/2918/5331/products/7_3c5d5be7-cf9f-4a4c-a636-a07451b56ef5_largefae4.jpg]
[cdn.shopify.com/s/files/1/0011/2918/5331/products/8_531bea38-c609-44e7-a06e-07ce65b4edbe_largef4d1.jpg]
[cdn.shopify.com/s/files/1/0011/2918/5331/products/9_largef4d1.jpg]
[cdn.shopify.com/s/files/1/0011/2918/5331/products/10_largef03f.jpg]
[art-furniture-1.myshopify.com/products/aliquam-consequat-mattis.html]
[cdn.shopify.com/s/files/1/0011/2918/5331/files/1e0ed.png]
[cdn.shopify.com/s/files/1/0011/2918/5331/files/253f8.png]
[cdn.shopify.com/s/files/1/0011/2918/5331/files/39679.png]
[art-furniture-1.myshopify.com/products/aliquam-consequatfuck]
[art-furniture-1.myshopify.com/pages/about.html]
[art-furniture-1.myshopify.com/products/affiliate-link-product]
[art-furniture-1.myshopify.com/blogs/news4658.html]
[cdn.shopify.com/s/files/1/0011/2918/5331/articles/8_smallabab.jpg]
[art-furniture-1.myshopify.com/blogs/news.atom]
[cdn.shopify.com/s/files/1/0011/2918/5331/articles/11_small4802.jpg]
[cdn.shopify.com/s/files/1/0011/2918/5331/articles/10_smallf504.jpg]
[art-furniture-1.myshopify.com/blogs/news.html]
[cdn.shopify.com/s/files/1/0011/2918/5331/articles/7_1024x1024d540.jpg]
[art-furniture-1.myshopify.com/blogs/news/temporibus-autem-quibusdam-1.html]
[art-furniture-1.myshopify.com/pages/contact.html]
[cdn.shopify.com/s/files/1/0011/2918/5331/products/34_89c67247-90b7-45a3-896b-0982e69fee20_grande5cbc.jpg]
[cdn.shopify.com/s/files/1/0011/2918/5331/products/24_42fde455-60fd-41eb-8b23-635f64c02b0d_grande1808.jpg]
[cdn.shopify.com/s/files/1/0011/2918/5331/products/18_3744c5fe-d4fd-4ffd-a3a2-765e0c7333ec_grande4d1d.jpg]
[art-furniture-1.myshopify.com/products/largest-water-pot.oembed]
[cdn.shopify.com/s/files/1/0011/2918/5331/products/18_3744c5fe-d4fd-4ffd-a3a2-765e0c7333ec4d1d.jpg]
[cdn.shopify.com/s/files/1/0011/2918/5331/products/24_42fde455-60fd-41eb-8b23-635f64c02b0d1808.jpg]
[cdn.shopify.com/s/files/1/0011/2918/5331/products/34_89c67247-90b7-45a3-896b-0982e69fee205cbc.jpg]
[cdn.shopify.com/s/files/1/0011/2918/5331/products/35_3edf46c1-fc81-4496-b4fe-a5ca5f58d797071c.jpg]
[cdn.shopify.com/s/files/1/0011/2918/5331/products/37_ec8fa2c9-1076-431d-b1be-f27bba0423d1071c.jpg]
[cdn.shopify.com/s/files/1/0011/2918/5331/products/34_89c67247-90b7-45a3-896b-0982e69fee20_large5cbc.jpg]
[cdn.shopify.com/s/files/1/0011/2918/5331/products/35_3edf46c1-fc81-4496-b4fe-a5ca5f58d797_large071c.jpg]
[cdn.shopify.com/s/files/1/0011/2918/5331/products/37_ec8fa2c9-1076-431d-b1be-f27bba0423d1_large071c.jpg]
[cdn.shopify.com/s/files/1/0011/2918/5331/products/13_9d861527-b62f-47a5-95e2-62dd1ab75db1_large40c8.jpg]
[cdn.shopify.com/s/files/1/0011/2918/5331/products/14_d6bba28b-578a-4d3d-be3a-49c9f426a9b2_large5262.jpg]
[art-furniture-1.myshopify.com/products/voluptatem-accusantium.html]
[cdn.shopify.com/s/files/1/0011/2918/5331/products/10_de0a9925-4e16-4dce-af6f-f3e33aefe843_large6fa0.jpg]
[art-furniture-1.myshopify.com/products/special-wood-basket.html]
[cdn.shopify.com/s/files/1/0011/2918/5331/products/11_b867eabf-65a6-4bfc-bc36-618b72c7215a_large9d91.jpg]
[cdn.shopify.com/s/files/1/0011/2918/5331/products/15_0a549cd1-fd2c-468c-a852-be1b633b8274_large4472.jpg]
[cdn.shopify.com/s/files/1/0011/2918/5331/products/27_75be6c37-9ff6-43ac-a5ea-bdea8d9925a6_largea8ef.jpg]
[art-furniture-1.myshopify.com/products/largest-water-pot.html]
[cdn.shopify.com/s/files/1/0011/2918/5331/products/22_7eef4df2-c4cc-4cd4-8f34-a45f73ac64f9_grandef938.jpg]
[art-furniture-1.myshopify.com/products/illo-inventore-veritatis.html]
[cdn.shopify.com/s/files/1/0011/2918/5331/products/21_ab342254-6f91-4edd-a314-8b329e17ddcc_grandea18d.jpg]
[cdn.shopify.com/s/files/1/0011/2918/5331/products/20_1dbcdee7-e455-413c-a10b-30780ab661d9_grande1101.jpg]
[cdn.shopify.com/s/files/1/0011/2918/5331/products/20_1dbcdee7-e455-413c-a10b-30780ab661d91101.jpg]
[art-furniture-1.myshopify.com/products/nemo-enim-ipsam.oembed]
[cdn.shopify.com/s/files/1/0011/2918/5331/products/21_ab342254-6f91-4edd-a314-8b329e17ddcca18d.jpg]
[cdn.shopify.com/s/files/1/0011/2918/5331/products/22_7eef4df2-c4cc-4cd4-8f34-a45f73ac64f9f938.jpg]
[cdn.shopify.com/s/files/1/0011/2918/5331/products/23_e18d9981-5b1a-456b-8257-16057ffbeb4af938.jpg]
[cdn.shopify.com/s/files/1/0011/2918/5331/products/24_82dff677-f0cf-48f6-8e1a-ffb333a37fe1b134.jpg]
[cdn.shopify.com/s/files/1/0011/2918/5331/products/25_f10a9cb1-95b3-4548-98ce-27efe9bee6b45235.jpg]
[cdn.shopify.com/s/files/1/0011/2918/5331/products/22_7eef4df2-c4cc-4cd4-8f34-a45f73ac64f9_largef938.jpg]
[cdn.shopify.com/s/files/1/0011/2918/5331/products/23_e18d9981-5b1a-456b-8257-16057ffbeb4a_largef938.jpg]
[cdn.shopify.com/s/files/1/0011/2918/5331/products/24_82dff677-f0cf-48f6-8e1a-ffb333a37fe1_largeb134.jpg]
[cdn.shopify.com/s/files/1/0011/2918/5331/products/25_f10a9cb1-95b3-4548-98ce-27efe9bee6b4_large5235.jpg]
[art-furniture-1.myshopify.com/products/nemo-enim-ipsam.html]
[cdn.shopify.com/s/files/1/0011/2918/5331/products/9_49757e20-1ad7-48a6-bb14-a9aba6165ebf_granded27c.jpg]
[cdn.shopify.com/s/files/1/0011/2918/5331/products/8_e1ecc4a7-2507-4f8c-ba94-55845397604d_grandee3bc.jpg]
[cdn.shopify.com/s/files/1/0011/2918/5331/products/7_98a4f9b5-f11b-4e18-9258-acc38b3cf28b_grande2451.jpg]
[cdn.shopify.com/s/files/1/0011/2918/5331/products/7_98a4f9b5-f11b-4e18-9258-acc38b3cf28b2451.jpg]
[art-furniture-1.myshopify.com/products/product-dummy-name.oembed]
[cdn.shopify.com/s/files/1/0011/2918/5331/products/8_e1ecc4a7-2507-4f8c-ba94-55845397604de3bc.jpg]
[cdn.shopify.com/s/files/1/0011/2918/5331/products/9_49757e20-1ad7-48a6-bb14-a9aba6165ebfd27c.jpg]
[cdn.shopify.com/s/files/1/0011/2918/5331/products/10_5239a944-67f8-41cd-97d9-a1b9b72261922cf2.jpg]
[cdn.shopify.com/s/files/1/0011/2918/5331/products/11_710230a0-7b15-4712-abb4-e27aa42623342cf2.jpg]
[cdn.shopify.com/s/files/1/0011/2918/5331/products/12_1e3461c8-2c47-4ed2-9b5b-782afc678b066725.jpg]
[cdn.shopify.com/s/files/1/0011/2918/5331/products/13_b6d7e807-cf9f-427b-87cd-cea4af6cb99c10a1.jpg]
[cdn.shopify.com/s/files/1/0011/2918/5331/products/9_49757e20-1ad7-48a6-bb14-a9aba6165ebf_larged27c.jpg]
[cdn.shopify.com/s/files/1/0011/2918/5331/products/10_5239a944-67f8-41cd-97d9-a1b9b7226192_large2cf2.jpg]
[cdn.shopify.com/s/files/1/0011/2918/5331/products/11_710230a0-7b15-4712-abb4-e27aa4262334_large2cf2.jpg]
[cdn.shopify.com/s/files/1/0011/2918/5331/products/12_1e3461c8-2c47-4ed2-9b5b-782afc678b06_large6725.jpg]
[cdn.shopify.com/s/files/1/0011/2918/5331/products/13_b6d7e807-cf9f-427b-87cd-cea4af6cb99c_large10a1.jpg]
[art-furniture-1.myshopify.com/products/product-dummy-name.html]
[cdn.shopify.com/s/files/1/0011/2918/5331/products/29_bd3615a8-78fd-4331-b552-5e16e842b77e_grande38e1.jpg]
[cdn.shopify.com/s/files/1/0011/2918/5331/products/14_f661269e-7bc0-47fe-9e49-d1f28781ae31_grande1881.jpg]
[cdn.shopify.com/s/files/1/0011/2918/5331/products/13_47961117-bcc6-48bc-bf35-42becbb68030_grande6e5d.jpg]
[cdn.shopify.com/s/files/1/0011/2918/5331/products/13_47961117-bcc6-48bc-bf35-42becbb680306e5d.jpg]
[art-furniture-1.myshopify.com/products/hair-brush-box.oembed]
[cdn.shopify.com/s/files/1/0011/2918/5331/products/14_f661269e-7bc0-47fe-9e49-d1f28781ae311881.jpg]
[cdn.shopify.com/s/files/1/0011/2918/5331/products/29_bd3615a8-78fd-4331-b552-5e16e842b77e38e1.jpg]
[cdn.shopify.com/s/files/1/0011/2918/5331/products/30_b4bfb7d2-998c-4230-8302-fcdcf7379539e2dc.jpg]
[cdn.shopify.com/s/files/1/0011/2918/5331/products/31_2859232b-4c18-462c-b957-8ac6619a7914e2dc.jpg]
[cdn.shopify.com/s/files/1/0011/2918/5331/products/32_7005748d-9e5e-42c4-a9a3-91deff95ca29ece4.jpg]
[cdn.shopify.com/s/files/1/0011/2918/5331/products/29_bd3615a8-78fd-4331-b552-5e16e842b77e_large38e1.jpg]
[cdn.shopify.com/s/files/1/0011/2918/5331/products/30_b4bfb7d2-998c-4230-8302-fcdcf7379539_largee2dc.jpg]
[cdn.shopify.com/s/files/1/0011/2918/5331/products/31_2859232b-4c18-462c-b957-8ac6619a7914_largee2dc.jpg]
[cdn.shopify.com/s/files/1/0011/2918/5331/products/32_7005748d-9e5e-42c4-a9a3-91deff95ca29_largeece4.jpg]
[art-furniture-1.myshopify.com/products/hair-brush-box.html]
[cdn.shopify.com/s/files/1/0011/2918/5331/products/25_a8cde0ed-d37e-4e68-b997-986889f0d7b6_grande4fb8.jpg]
[cdn.shopify.com/s/files/1/0011/2918/5331/products/10_bf7b4d90-dda3-435d-904f-6874207a1d35_grande1172.jpg]
[cdn.shopify.com/s/files/1/0011/2918/5331/products/9_1754fdac-0615-4ea7-bc4c-d7fbedac57d1_grande1172.jpg]
[art-furniture-1.myshopify.com/products/florem-ipsum-dolor-sit.oembed]
[cdn.shopify.com/s/files/1/0011/2918/5331/products/9_1754fdac-0615-4ea7-bc4c-d7fbedac57d11172.jpg]
[cdn.shopify.com/s/files/1/0011/2918/5331/products/10_bf7b4d90-dda3-435d-904f-6874207a1d351172.jpg]
[cdn.shopify.com/s/files/1/0011/2918/5331/products/25_a8cde0ed-d37e-4e68-b997-986889f0d7b64fb8.jpg]
[cdn.shopify.com/s/files/1/0011/2918/5331/products/26_ad08aae4-dec9-4818-95f9-d551ad163dee87cf.jpg]
[cdn.shopify.com/s/files/1/0011/2918/5331/products/27_0ac120b0-8099-4ac8-884e-e1ec1fa90eff87cf.jpg]
[cdn.shopify.com/s/files/1/0011/2918/5331/products/25_a8cde0ed-d37e-4e68-b997-986889f0d7b6_large4fb8.jpg]
[cdn.shopify.com/s/files/1/0011/2918/5331/products/26_ad08aae4-dec9-4818-95f9-d551ad163dee_large87cf.jpg]
[cdn.shopify.com/s/files/1/0011/2918/5331/products/27_0ac120b0-8099-4ac8-884e-e1ec1fa90eff_large87cf.jpg]
[art-furniture-1.myshopify.com/products/florem-ipsum-dolor-sit.html]
[cdn.shopify.com/s/files/1/0011/2918/5331/products/7_c1add4c6-acb8-4ee5-a02a-800f8a404d96_grandeb5e6.jpg]
[cdn.shopify.com/s/files/1/0011/2918/5331/products/6_ddd56c41-67dd-4f8d-8b9b-26531f402267_grandeb5e6.jpg]
[cdn.shopify.com/s/files/1/0011/2918/5331/products/5_64e3305c-0775-4083-808f-7144f884f671_grande4e65.jpg]
[cdn.shopify.com/s/files/1/0011/2918/5331/products/5_64e3305c-0775-4083-808f-7144f884f6714e65.jpg]
[art-furniture-1.myshopify.com/products/fat-fermentum-metusid.oembed]
[cdn.shopify.com/s/files/1/0011/2918/5331/products/6_ddd56c41-67dd-4f8d-8b9b-26531f402267b5e6.jpg]
[cdn.shopify.com/s/files/1/0011/2918/5331/products/7_c1add4c6-acb8-4ee5-a02a-800f8a404d96b5e6.jpg]
[cdn.shopify.com/s/files/1/0011/2918/5331/products/21_bb3da4da-e7f7-435b-8213-5f6bd8c81abe4c16.jpg]
[cdn.shopify.com/s/files/1/0011/2918/5331/products/22_72b611d4-c307-4587-9728-c17a4811e0417771.jpg]
[cdn.shopify.com/s/files/1/0011/2918/5331/products/23_e6a67b49-6776-45af-b129-4eb8deef72a27771.jpg]
[cdn.shopify.com/s/files/1/0011/2918/5331/products/7_c1add4c6-acb8-4ee5-a02a-800f8a404d96_largeb5e6.jpg]
[cdn.shopify.com/s/files/1/0011/2918/5331/products/21_bb3da4da-e7f7-435b-8213-5f6bd8c81abe_large4c16.jpg]
[cdn.shopify.com/s/files/1/0011/2918/5331/products/22_72b611d4-c307-4587-9728-c17a4811e041_large7771.jpg]
[cdn.shopify.com/s/files/1/0011/2918/5331/products/23_e6a67b49-6776-45af-b129-4eb8deef72a2_large7771.jpg]
[art-furniture-1.myshopify.com/products/fat-fermentum-metusid.html]
[cdn.shopify.com/s/files/1/0011/2918/5331/products/17_e6f70146-490a-45d4-9a88-96a45de8fd56_grandec6fa.jpg]
[cdn.shopify.com/s/files/1/0011/2918/5331/products/2_928302a2-61ec-48bb-85e4-6b05977fc7c0_grandec6fa.jpg]
[cdn.shopify.com/s/files/1/0011/2918/5331/products/1_72ac72fc-74d1-4116-b06a-36ef23413998_grande22fd.jpg]
[cdn.shopify.com/s/files/1/0011/2918/5331/products/1_72ac72fc-74d1-4116-b06a-36ef2341399822fd.jpg]
[art-furniture-1.myshopify.com/products/dummy-product-title-1.oembed]
[cdn.shopify.com/s/files/1/0011/2918/5331/products/2_928302a2-61ec-48bb-85e4-6b05977fc7c0c6fa.jpg]
[cdn.shopify.com/s/files/1/0011/2918/5331/products/17_e6f70146-490a-45d4-9a88-96a45de8fd56c6fa.jpg]
[cdn.shopify.com/s/files/1/0011/2918/5331/products/18_df8a89dc-2d9b-4aa6-8014-2cd20d44575e3847.jpg]
[cdn.shopify.com/s/files/1/0011/2918/5331/products/33_22e625c2-fd29-4585-b2fc-4be3d613b7430a73.jpg]
[cdn.shopify.com/s/files/1/0011/2918/5331/products/34_6954912f-474c-4969-890c-349f8af27dbe520d.jpg]
[cdn.shopify.com/s/files/1/0011/2918/5331/products/17_e6f70146-490a-45d4-9a88-96a45de8fd56_largec6fa.jpg]
[cdn.shopify.com/s/files/1/0011/2918/5331/products/18_df8a89dc-2d9b-4aa6-8014-2cd20d44575e_large3847.jpg]
[cdn.shopify.com/s/files/1/0011/2918/5331/products/33_22e625c2-fd29-4585-b2fc-4be3d613b743_large0a73.jpg]
[cdn.shopify.com/s/files/1/0011/2918/5331/products/34_6954912f-474c-4969-890c-349f8af27dbe_large520d.jpg]
[art-furniture-1.myshopify.com/products/dummy-product-title-1.html]
[cdn.shopify.com/s/files/1/0011/2918/5331/products/37_771a8418-9608-4b4d-9029-3e00328a4f31_grandecabc.jpg]
[cdn.shopify.com/s/files/1/0011/2918/5331/products/35_6c0d0d2f-740c-471b-8eb2-1095809ca8ca_grande910b.jpg]
[cdn.shopify.com/s/files/1/0011/2918/5331/products/34_b0fdb4a0-a095-4279-b1b3-46bdb6741e90_grande910b.jpg]
[art-furniture-1.myshopify.com/products/dummy-product-name-9.oembed]
[cdn.shopify.com/s/files/1/0011/2918/5331/products/34_b0fdb4a0-a095-4279-b1b3-46bdb6741e90910b.jpg]
[cdn.shopify.com/s/files/1/0011/2918/5331/products/35_6c0d0d2f-740c-471b-8eb2-1095809ca8ca910b.jpg]
[cdn.shopify.com/s/files/1/0011/2918/5331/products/37_771a8418-9608-4b4d-9029-3e00328a4f31cabc.jpg]
[cdn.shopify.com/s/files/1/0011/2918/5331/products/23_ab8c2449-39ff-442e-8220-21112ec6fa114b46.jpg]
[cdn.shopify.com/s/files/1/0011/2918/5331/products/24_de37cf6c-ca79-4a1b-a818-49c2385b99308ce6.jpg]
[cdn.shopify.com/s/files/1/0011/2918/5331/products/25_f0e20381-f8b8-435d-ae81-5082fc1956d88ce6.jpg]
[cdn.shopify.com/s/files/1/0011/2918/5331/products/26_971531d0-8a3f-43d5-8ca9-5e7c40b9198b6c02.jpg]
[cdn.shopify.com/s/files/1/0011/2918/5331/products/37_771a8418-9608-4b4d-9029-3e00328a4f31_largecabc.jpg]
[cdn.shopify.com/s/files/1/0011/2918/5331/products/23_ab8c2449-39ff-442e-8220-21112ec6fa11_large4b46.jpg]
[cdn.shopify.com/s/files/1/0011/2918/5331/products/24_de37cf6c-ca79-4a1b-a818-49c2385b9930_large8ce6.jpg]
[cdn.shopify.com/s/files/1/0011/2918/5331/products/25_f0e20381-f8b8-435d-ae81-5082fc1956d8_large8ce6.jpg]
[cdn.shopify.com/s/files/1/0011/2918/5331/products/26_971531d0-8a3f-43d5-8ca9-5e7c40b9198b_large6c02.jpg]
[art-furniture-1.myshopify.com/products/dummy-product-name-9.html]
[cdn.shopify.com/s/files/1/0011/2918/5331/products/37_d96ab001-ca5f-4668-b909-7977207436aa_grande8846.jpg]
[cdn.shopify.com/s/files/1/0011/2918/5331/products/35_604b1c97-efa2-4b7d-bdec-8f4f5f1afe00_grandedf9c.jpg]
[cdn.shopify.com/s/files/1/0011/2918/5331/products/34_7bc14492-16b9-459b-94e8-6501489f55ae_grandee368.jpg]
[art-furniture-1.myshopify.com/products/dummy-product-name-4]
[cdn.shopify.com/s/files/1/0011/2918/5331/products/34_7bc14492-16b9-459b-94e8-6501489f55aee368.jpg]
[cdn.shopify.com/s/files/1/0011/2918/5331/products/35_604b1c97-efa2-4b7d-bdec-8f4f5f1afe00df9c.jpg]
[art-furniture-1.myshopify.com/products/dummy-product-name-6.oembed]
[cdn.shopify.com/s/files/1/0011/2918/5331/products/37_d96ab001-ca5f-4668-b909-7977207436aa8846.jpg]
[cdn.shopify.com/s/files/1/0011/2918/5331/products/23_036a4153-e8fd-49a0-b5b2-bb745b3721b1ef80.jpg]
[cdn.shopify.com/s/files/1/0011/2918/5331/products/24_de86345f-c878-4082-a7e9-77b416e77afe4cbe.jpg]
[cdn.shopify.com/s/files/1/0011/2918/5331/products/25_4357aa93-bf18-45a8-a5e8-2d446d13bf185647.jpg]
[cdn.shopify.com/s/files/1/0011/2918/5331/products/26_c16e5a22-d4e7-4dc6-bcd4-9eb247a1d942bc72.jpg]
[cdn.shopify.com/s/files/1/0011/2918/5331/products/37_d96ab001-ca5f-4668-b909-7977207436aa_large8846.jpg]
[cdn.shopify.com/s/files/1/0011/2918/5331/products/23_036a4153-e8fd-49a0-b5b2-bb745b3721b1_largeef80.jpg]
[cdn.shopify.com/s/files/1/0011/2918/5331/products/24_de86345f-c878-4082-a7e9-77b416e77afe_large4cbe.jpg]
[cdn.shopify.com/s/files/1/0011/2918/5331/products/25_4357aa93-bf18-45a8-a5e8-2d446d13bf18_large5647.jpg]
[cdn.shopify.com/s/files/1/0011/2918/5331/products/26_c16e5a22-d4e7-4dc6-bcd4-9eb247a1d942_largebc72.jpg]
[art-furniture-1.myshopify.com/products/dummy-product-name-6.html]
[cdn.shopify.com/s/files/1/0011/2918/5331/products/34_2233358d-4aba-4f83-8eb5-4159763cdd07_grande934e.jpg]
[cdn.shopify.com/s/files/1/0011/2918/5331/products/32_grande934e.jpg]
[cdn.shopify.com/s/files/1/0011/2918/5331/products/33_grande934e.jpg]
[art-furniture-1.myshopify.com/products/dummy-product-name.oembed]
[cdn.shopify.com/s/files/1/0011/2918/5331/products/33934e.jpg]
[cdn.shopify.com/s/files/1/0011/2918/5331/products/32934e.jpg]
[cdn.shopify.com/s/files/1/0011/2918/5331/products/34_2233358d-4aba-4f83-8eb5-4159763cdd07934e.jpg]
[cdn.shopify.com/s/files/1/0011/2918/5331/products/35934e.jpg]
[cdn.shopify.com/s/files/1/0011/2918/5331/products/37_e65a67bb-f6c2-4847-9b50-695e0089d7fe934e.jpg]
[cdn.shopify.com/s/files/1/0011/2918/5331/products/34_2233358d-4aba-4f83-8eb5-4159763cdd07_large934e.jpg]
[cdn.shopify.com/s/files/1/0011/2918/5331/products/35_large934e.jpg]
[cdn.shopify.com/s/files/1/0011/2918/5331/products/37_e65a67bb-f6c2-4847-9b50-695e0089d7fe_large934e.jpg]
[art-furniture-1.myshopify.com/products/dummy-product-name.html]
[cdn.shopify.com/s/files/1/0011/2918/5331/products/37_grandec480.jpg]
[cdn.shopify.com/s/files/1/0011/2918/5331/products/31_f0a2e12f-a292-4c94-beb0-d3f3f182d1a3_grande5a5a.jpg]
[cdn.shopify.com/s/files/1/0011/2918/5331/products/28_4e80cd33-23b9-4f38-92e7-72efca73182b_grande8ee5.jpg]
[cdn.shopify.com/s/files/1/0011/2918/5331/products/28_4e80cd33-23b9-4f38-92e7-72efca73182b8ee5.jpg]
[art-furniture-1.myshopify.com/products/dummy-product-name-3.oembed]
[cdn.shopify.com/s/files/1/0011/2918/5331/products/31_f0a2e12f-a292-4c94-beb0-d3f3f182d1a35a5a.jpg]
[cdn.shopify.com/s/files/1/0011/2918/5331/products/37c480.jpg]
[cdn.shopify.com/s/files/1/0011/2918/5331/products/29_3527c227-6781-4182-97d5-a7b77cb2e1a0ecd2.jpg]
[cdn.shopify.com/s/files/1/0011/2918/5331/products/30_47837ca7-db2c-458b-a86f-9e86419a4829ecd2.jpg]
[cdn.shopify.com/s/files/1/0011/2918/5331/products/37_largec480.jpg]
[cdn.shopify.com/s/files/1/0011/2918/5331/products/29_3527c227-6781-4182-97d5-a7b77cb2e1a0_largeecd2.jpg]
[cdn.shopify.com/s/files/1/0011/2918/5331/products/30_47837ca7-db2c-458b-a86f-9e86419a4829_largeecd2.jpg]
[art-furniture-1.myshopify.com/products/dummy-product-name-3.html]
[cdn.shopify.com/s/files/1/0011/2918/5331/products/26_8dcef3ab-0b73-43ad-82b9-245290ed9201_grande02ae.jpg]
[cdn.shopify.com/s/files/1/0011/2918/5331/products/29_grande932e.jpg]
[cdn.shopify.com/s/files/1/0011/2918/5331/products/25_6a1cc79c-bd77-4be9-985c-1ebcaafdf610_grande7a15.jpg]
[art-furniture-1.myshopify.com/products/donec-ac-tempus-nrb.oembed]
[cdn.shopify.com/s/files/1/0011/2918/5331/products/25_6a1cc79c-bd77-4be9-985c-1ebcaafdf6107a15.jpg]
[cdn.shopify.com/s/files/1/0011/2918/5331/products/29932e.jpg]
[cdn.shopify.com/s/files/1/0011/2918/5331/products/26_8dcef3ab-0b73-43ad-82b9-245290ed920102ae.jpg]
[cdn.shopify.com/s/files/1/0011/2918/5331/products/27_30118c42-d2aa-480a-a7fc-1c083bae64b838b6.jpg]
[cdn.shopify.com/s/files/1/0011/2918/5331/products/28_0ceaa9bc-968f-4545-a58a-6813cf391e360658.jpg]
[cdn.shopify.com/s/files/1/0011/2918/5331/products/26_8dcef3ab-0b73-43ad-82b9-245290ed9201_large02ae.jpg]
[cdn.shopify.com/s/files/1/0011/2918/5331/products/27_30118c42-d2aa-480a-a7fc-1c083bae64b8_large38b6.jpg]
[cdn.shopify.com/s/files/1/0011/2918/5331/products/28_0ceaa9bc-968f-4545-a58a-6813cf391e36_large0658.jpg]
[art-furniture-1.myshopify.com/products/donec-ac-tempus-nrb.html]
[cdn.shopify.com/s/files/1/0011/2918/5331/products/22_db9091b5-46f9-49a2-b752-4729a51f4a34_grande0aa0.jpg]
[cdn.shopify.com/s/files/1/0011/2918/5331/products/21_5a5f1c86-0227-4616-b634-2f42a9f4cc0a_grandea177.jpg]
[cdn.shopify.com/s/files/1/0011/2918/5331/products/20_0c2d64bd-9392-4a32-9364-e7f782e09e8f_grandea177.jpg]
[cdn.shopify.com/s/files/1/0011/2918/5331/products/20_0c2d64bd-9392-4a32-9364-e7f782e09e8fa177.jpg]
[art-furniture-1.myshopify.com/products/demo-product-title-1.oembed]
[cdn.shopify.com/s/files/1/0011/2918/5331/products/21_5a5f1c86-0227-4616-b634-2f42a9f4cc0aa177.jpg]
[cdn.shopify.com/s/files/1/0011/2918/5331/products/22_db9091b5-46f9-49a2-b752-4729a51f4a340aa0.jpg]
[cdn.shopify.com/s/files/1/0011/2918/5331/products/23_6fd20c2b-5262-4a08-86d6-9b563def8bbbc263.jpg]
[cdn.shopify.com/s/files/1/0011/2918/5331/products/24_bb1f8421-2595-4bef-942a-e55c548d5a50c263.jpg]
[cdn.shopify.com/s/files/1/0011/2918/5331/products/2556f4.jpg]
[cdn.shopify.com/s/files/1/0011/2918/5331/products/22_db9091b5-46f9-49a2-b752-4729a51f4a34_large0aa0.jpg]
[cdn.shopify.com/s/files/1/0011/2918/5331/products/23_6fd20c2b-5262-4a08-86d6-9b563def8bbb_largec263.jpg]
[cdn.shopify.com/s/files/1/0011/2918/5331/products/24_bb1f8421-2595-4bef-942a-e55c548d5a50_largec263.jpg]
[cdn.shopify.com/s/files/1/0011/2918/5331/products/25_large56f4.jpg]
[art-furniture-1.myshopify.com/products/demo-product-title-1.html]
[cdn.shopify.com/s/files/1/0011/2918/5331/products/19_grande2958.jpg]
[cdn.shopify.com/s/files/1/0011/2918/5331/products/18_76b1d163-534f-4c78-ae5e-60f8b111b247_grande2958.jpg]
[cdn.shopify.com/s/files/1/0011/2918/5331/products/17_2ae8d715-6bad-43cd-ac62-1159f1706551_grande7a77.jpg]
[cdn.shopify.com/s/files/1/0011/2918/5331/products/17_2ae8d715-6bad-43cd-ac62-1159f17065517a77.jpg]
[art-furniture-1.myshopify.com/products/demo-product-title-2.oembed]
[cdn.shopify.com/s/files/1/0011/2918/5331/products/18_76b1d163-534f-4c78-ae5e-60f8b111b2472958.jpg]
[cdn.shopify.com/s/files/1/0011/2918/5331/products/192958.jpg]
[cdn.shopify.com/s/files/1/0011/2918/5331/products/16_c3814718-462a-4e45-b643-8a76e6045935510a.jpg]
[cdn.shopify.com/s/files/1/0011/2918/5331/products/19_large2958.jpg]
[cdn.shopify.com/s/files/1/0011/2918/5331/products/16_c3814718-462a-4e45-b643-8a76e6045935_large510a.jpg]
[art-furniture-1.myshopify.com/products/demo-product-title-2.html]
[cdn.shopify.com/s/files/1/0011/2918/5331/products/15_944e9183-8def-4d9e-ad19-87cf9732101d_grande266c.jpg]
[cdn.shopify.com/s/files/1/0011/2918/5331/products/14_7ae39727-7f14-46ae-8a8a-7bb56a7c890a_grandecdf2.jpg]
[cdn.shopify.com/s/files/1/0011/2918/5331/products/13_e5960f8a-fc66-42c4-a50e-4c26c6460c41_grandecdf2.jpg]
[art-furniture-1.myshopify.com/products/consequences-roin-lectus.oembed]
[cdn.shopify.com/s/files/1/0011/2918/5331/products/13_e5960f8a-fc66-42c4-a50e-4c26c6460c41cdf2.jpg]
[cdn.shopify.com/s/files/1/0011/2918/5331/products/14_7ae39727-7f14-46ae-8a8a-7bb56a7c890acdf2.jpg]
[cdn.shopify.com/s/files/1/0011/2918/5331/products/15_944e9183-8def-4d9e-ad19-87cf9732101d266c.jpg]
[cdn.shopify.com/s/files/1/0011/2918/5331/products/16_08959e00-b2f2-4d09-a4eb-63fc59978a50df32.jpg]
[cdn.shopify.com/s/files/1/0011/2918/5331/products/15_944e9183-8def-4d9e-ad19-87cf9732101d_large266c.jpg]
[cdn.shopify.com/s/files/1/0011/2918/5331/products/16_08959e00-b2f2-4d09-a4eb-63fc59978a50_largedf32.jpg]
[art-furniture-1.myshopify.com/products/consequences-roin-lectus.html]
[cdn.shopify.com/s/files/1/0011/2918/5331/products/11_77e063cb-59f9-4395-b5c4-f8f4054f8ba7_grande394d.jpg]
[cdn.shopify.com/s/files/1/0011/2918/5331/products/10_4732e026-2737-415e-825e-c3f494ca3ded_grande394d.jpg]
[cdn.shopify.com/s/files/1/0011/2918/5331/products/9_ad8fe41f-0776-45ea-b62e-a463d003708c_grande6cd0.jpg]
[cdn.shopify.com/s/files/1/0011/2918/5331/products/9_ad8fe41f-0776-45ea-b62e-a463d003708c6cd0.jpg]
[art-furniture-1.myshopify.com/products/carry-bag-of-leather.oembed]
[cdn.shopify.com/s/files/1/0011/2918/5331/products/10_4732e026-2737-415e-825e-c3f494ca3ded394d.jpg]
[cdn.shopify.com/s/files/1/0011/2918/5331/products/11_77e063cb-59f9-4395-b5c4-f8f4054f8ba7394d.jpg]
[cdn.shopify.com/s/files/1/0011/2918/5331/products/12_3f75bba1-25b9-4f32-9fda-5229af7f360c68f2.jpg]
[cdn.shopify.com/s/files/1/0011/2918/5331/products/13ed51.jpg]
[cdn.shopify.com/s/files/1/0011/2918/5331/products/1450a7.jpg]
[cdn.shopify.com/s/files/1/0011/2918/5331/products/11_77e063cb-59f9-4395-b5c4-f8f4054f8ba7_large394d.jpg]
[cdn.shopify.com/s/files/1/0011/2918/5331/products/12_3f75bba1-25b9-4f32-9fda-5229af7f360c_large68f2.jpg]
[cdn.shopify.com/s/files/1/0011/2918/5331/products/13_largeed51.jpg]
[cdn.shopify.com/s/files/1/0011/2918/5331/products/14_large50a7.jpg]
[art-furniture-1.myshopify.com/products/carry-bag-of-leather.html]
[cdn.shopify.com/s/files/1/0011/2918/5331/products/3_grande2d3f.jpg]
[cdn.shopify.com/s/files/1/0011/2918/5331/products/2_grandeb7f7.jpg]
[cdn.shopify.com/s/files/1/0011/2918/5331/products/1_grande5fb6.jpg]
[cdn.shopify.com/s/files/1/0011/2918/5331/products/15fb6.jpg]
[art-furniture-1.myshopify.com/products/accusantium-doloremque.oembed]
[cdn.shopify.com/s/files/1/0011/2918/5331/products/2b7f7.jpg]
[cdn.shopify.com/s/files/1/0011/2918/5331/products/32d3f.jpg]
[cdn.shopify.com/s/files/1/0011/2918/5331/products/42d3f.jpg]
[cdn.shopify.com/s/files/1/0011/2918/5331/products/5649c.jpg]
[cdn.shopify.com/s/files/1/0011/2918/5331/products/67e54.jpg]
[cdn.shopify.com/s/files/1/0011/2918/5331/products/3_large2d3f.jpg]
[cdn.shopify.com/s/files/1/0011/2918/5331/products/4_large2d3f.jpg]
[cdn.shopify.com/s/files/1/0011/2918/5331/products/5_large649c.jpg]
[cdn.shopify.com/s/files/1/0011/2918/5331/products/6_large7e54.jpg]
[art-furniture-1.myshopify.com/products/accusantium-doloremque.html]
[art-furniture-1.myshopify.com/collections/random-products.html]
[art-furniture-1.myshopify.com/collections.html]
[cdn.shopify.com/s/files/1/0011/2918/5331/products/31_d233b635-f80b-4c57-881d-56965f9d6154_grandeb906.jpg]
[art-furniture-1.myshopify.com/collections/trending-product.html]
[cdn.shopify.com/s/files/1/0011/2918/5331/products/29_df83ae91-a7cc-4aac-b5db-79891347121d_grandeb906.jpg]
[cdn.shopify.com/s/files/1/0011/2918/5331/products/25_3de05164-93f6-4a85-af9d-1a4905c24d15_grandefe6c.jpg]
[art-furniture-1.myshopify.com/products/dummy-product-name-7.oembed]
[cdn.shopify.com/s/files/1/0011/2918/5331/products/25_3de05164-93f6-4a85-af9d-1a4905c24d15fe6c.jpg]
[cdn.shopify.com/s/files/1/0011/2918/5331/products/29_df83ae91-a7cc-4aac-b5db-79891347121db906.jpg]
[cdn.shopify.com/s/files/1/0011/2918/5331/products/31_d233b635-f80b-4c57-881d-56965f9d6154b906.jpg]
[cdn.shopify.com/s/files/1/0011/2918/5331/products/32_137b7240-691f-49e4-8690-0164e3576f39946f.jpg]
[cdn.shopify.com/s/files/1/0011/2918/5331/products/33_6bfa8c0e-495b-4e3d-93fd-293cce08969bc0cf.jpg]
[cdn.shopify.com/s/files/1/0011/2918/5331/products/34_c8220930-25a4-4471-81bd-fe87a757cbc6d40d.jpg]
[cdn.shopify.com/s/files/1/0011/2918/5331/products/31_d233b635-f80b-4c57-881d-56965f9d6154_largeb906.jpg]
[cdn.shopify.com/s/files/1/0011/2918/5331/products/32_137b7240-691f-49e4-8690-0164e3576f39_large946f.jpg]
[cdn.shopify.com/s/files/1/0011/2918/5331/products/33_6bfa8c0e-495b-4e3d-93fd-293cce08969b_largec0cf.jpg]
[cdn.shopify.com/s/files/1/0011/2918/5331/products/34_c8220930-25a4-4471-81bd-fe87a757cbc6_larged40d.jpg]
[art-furniture-1.myshopify.com/products/dummy-product-name-7.html]
[cdn.shopify.com/s/files/1/0011/2918/5331/products/24_2c8fe5f0-baf9-4576-8dbc-05f5bedbf8c8_grande6d2e.jpg]
[cdn.shopify.com/s/files/1/0011/2918/5331/products/23_32f93b05-b6cf-4c3c-bd23-f33f04a850b5_granded419.jpg]
[cdn.shopify.com/s/files/1/0011/2918/5331/products/22_3ef1e2ee-1062-4a4d-95a1-cb63674715eb_grande39de.jpg]
[cdn.shopify.com/s/files/1/0011/2918/5331/products/22_3ef1e2ee-1062-4a4d-95a1-cb63674715eb39de.jpg]
[art-furniture-1.myshopify.com/products/dummy-product-name-1.oembed]
[cdn.shopify.com/s/files/1/0011/2918/5331/products/23_32f93b05-b6cf-4c3c-bd23-f33f04a850b5d419.jpg]
[cdn.shopify.com/s/files/1/0011/2918/5331/products/24_2c8fe5f0-baf9-4576-8dbc-05f5bedbf8c86d2e.jpg]
[cdn.shopify.com/s/files/1/0011/2918/5331/products/25_768b7078-2737-4a4f-8686-17780ac457bcc46e.jpg]
[cdn.shopify.com/s/files/1/0011/2918/5331/products/26_3621378b-e00d-4cde-99ee-47400737cd9bc46e.jpg]
[cdn.shopify.com/s/files/1/0011/2918/5331/products/27_fd199759-603e-481c-a2f7-502030df7fb175d3.jpg]
[cdn.shopify.com/s/files/1/0011/2918/5331/products/28_c74a01b9-521e-44f3-b705-8fc3a4ee160070e6.jpg]
[cdn.shopify.com/s/files/1/0011/2918/5331/products/24_2c8fe5f0-baf9-4576-8dbc-05f5bedbf8c8_large6d2e.jpg]
[cdn.shopify.com/s/files/1/0011/2918/5331/products/25_768b7078-2737-4a4f-8686-17780ac457bc_largec46e.jpg]
[cdn.shopify.com/s/files/1/0011/2918/5331/products/26_3621378b-e00d-4cde-99ee-47400737cd9b_largec46e.jpg]
[cdn.shopify.com/s/files/1/0011/2918/5331/products/27_fd199759-603e-481c-a2f7-502030df7fb1_large75d3.jpg]
[cdn.shopify.com/s/files/1/0011/2918/5331/products/28_c74a01b9-521e-44f3-b705-8fc3a4ee1600_large70e6.jpg]
[art-furniture-1.myshopify.com/products/dummy-product-name-1.html]
[cdn.shopify.com/s/files/1/0011/2918/5331/products/24_abdbb04b-6ad2-4cd0-9113-32af138f6d63_grande70ea.jpg]
[cdn.shopify.com/s/files/1/0011/2918/5331/products/23_8cd21245-e8bc-44c8-a9ef-724949ff5537_grande70ea.jpg]
[cdn.shopify.com/s/files/1/0011/2918/5331/products/22_fedb2fbd-aae5-4e69-b2d7-adb8d7dfca83_grande1229.jpg]
[cdn.shopify.com/s/files/1/0011/2918/5331/products/22_fedb2fbd-aae5-4e69-b2d7-adb8d7dfca831229.jpg]
[art-furniture-1.myshopify.com/products/dolore-magnam-aliquam.oembed]
[cdn.shopify.com/s/files/1/0011/2918/5331/products/23_8cd21245-e8bc-44c8-a9ef-724949ff553770ea.jpg]
[cdn.shopify.com/s/files/1/0011/2918/5331/products/24_abdbb04b-6ad2-4cd0-9113-32af138f6d6370ea.jpg]
[cdn.shopify.com/s/files/1/0011/2918/5331/products/25_76bf96dc-6f91-4b16-8620-71e93470dfc9f6a6.jpg]
[cdn.shopify.com/s/files/1/0011/2918/5331/products/269a02.jpg]
[cdn.shopify.com/s/files/1/0011/2918/5331/products/279a02.jpg]
[cdn.shopify.com/s/files/1/0011/2918/5331/products/282c86.jpg]
[cdn.shopify.com/s/files/1/0011/2918/5331/products/24_abdbb04b-6ad2-4cd0-9113-32af138f6d63_large70ea.jpg]
[cdn.shopify.com/s/files/1/0011/2918/5331/products/25_76bf96dc-6f91-4b16-8620-71e93470dfc9_largef6a6.jpg]
[cdn.shopify.com/s/files/1/0011/2918/5331/products/26_large9a02.jpg]
[cdn.shopify.com/s/files/1/0011/2918/5331/products/27_large9a02.jpg]
[cdn.shopify.com/s/files/1/0011/2918/5331/products/28_large2c86.jpg]
[art-furniture-1.myshopify.com/products/dolore-magnam-aliquam.html]
[cdn.shopify.com/s/files/1/0011/2918/5331/products/19_54a18741-1604-4078-bfb5-f3b4ea5b66ec_grandebf7a.jpg]
[cdn.shopify.com/s/files/1/0011/2918/5331/products/4_ad7bf6e7-d206-49c8-aadf-33fb7a1f3314_grande8450.jpg]
[cdn.shopify.com/s/files/1/0011/2918/5331/products/3_4ecd98f9-665c-45b2-a8b3-142858d58e1e_grande8450.jpg]
[cdn.shopify.com/s/files/1/0011/2918/5331/products/3_4ecd98f9-665c-45b2-a8b3-142858d58e1e8450.jpg]
[art-furniture-1.myshopify.com/products/exercitation-ullamco.oembed]
[cdn.shopify.com/s/files/1/0011/2918/5331/products/4_ad7bf6e7-d206-49c8-aadf-33fb7a1f33148450.jpg]
[cdn.shopify.com/s/files/1/0011/2918/5331/products/19_54a18741-1604-4078-bfb5-f3b4ea5b66ecbf7a.jpg]
[cdn.shopify.com/s/files/1/0011/2918/5331/products/20_5d67fc4b-2c3e-4eec-b053-5026b0d4a16020b9.jpg]
[cdn.shopify.com/s/files/1/0011/2918/5331/products/35_26656da5-b25e-4a8b-a707-e3d72de34590c455.jpg]
[cdn.shopify.com/s/files/1/0011/2918/5331/products/37_79475004-90df-44ff-996a-4e84c9705c89c455.jpg]
[cdn.shopify.com/s/files/1/0011/2918/5331/products/19_54a18741-1604-4078-bfb5-f3b4ea5b66ec_largebf7a.jpg]
[cdn.shopify.com/s/files/1/0011/2918/5331/products/20_5d67fc4b-2c3e-4eec-b053-5026b0d4a160_large20b9.jpg]
[cdn.shopify.com/s/files/1/0011/2918/5331/products/35_26656da5-b25e-4a8b-a707-e3d72de34590_largec455.jpg]
[cdn.shopify.com/s/files/1/0011/2918/5331/products/37_79475004-90df-44ff-996a-4e84c9705c89_largec455.jpg]
[art-furniture-1.myshopify.com/products/exercitation-ullamco.html]
[cdn.shopify.com/s/files/1/0011/2918/5331/products/14_30a08ae2-f950-4a8f-bf13-82265266ec6d_grande46c3.jpg]
[cdn.shopify.com/s/files/1/0011/2918/5331/products/13_a0571c80-e746-4bc2-abae-0eb81169d9a7_grande26e5.jpg]
[cdn.shopify.com/s/files/1/0011/2918/5331/products/37_fa56b908-d549-4a04-ae76-7d9dfd56c381_grandef0ca.jpg]
[cdn.shopify.com/s/files/1/0011/2918/5331/products/37_fa56b908-d549-4a04-ae76-7d9dfd56c381f0ca.jpg]
[art-furniture-1.myshopify.com/products/dummy-product-title.oembed]
[cdn.shopify.com/s/files/1/0011/2918/5331/products/13_a0571c80-e746-4bc2-abae-0eb81169d9a726e5.jpg]
[cdn.shopify.com/s/files/1/0011/2918/5331/products/14_30a08ae2-f950-4a8f-bf13-82265266ec6d46c3.jpg]
[cdn.shopify.com/s/files/1/0011/2918/5331/products/15_a190c6fa-3580-4ec0-b0b4-8df8a67dd1d8d7e0.jpg]
[cdn.shopify.com/s/files/1/0011/2918/5331/products/16_47fc5b24-f55e-48d2-8785-9453a2dc583cd7e0.jpg]
[cdn.shopify.com/s/files/1/0011/2918/5331/products/29_6a2d6698-40b9-4941-a1e7-e9e2e9127f5bd603.jpg]
[cdn.shopify.com/s/files/1/0011/2918/5331/products/30_4055260a-d122-498e-8746-164076c1f7ee40b0.jpg]
[cdn.shopify.com/s/files/1/0011/2918/5331/products/31_f734c59d-1e2b-4cd7-a545-94956163d6b829dd.jpg]
[cdn.shopify.com/s/files/1/0011/2918/5331/products/32_4e09a7e1-be3c-49b2-9779-b0505a822f7055bf.jpg]
[cdn.shopify.com/s/files/1/0011/2918/5331/products/14_30a08ae2-f950-4a8f-bf13-82265266ec6d_large46c3.jpg]
[cdn.shopify.com/s/files/1/0011/2918/5331/products/15_a190c6fa-3580-4ec0-b0b4-8df8a67dd1d8_larged7e0.jpg]
[cdn.shopify.com/s/files/1/0011/2918/5331/products/16_47fc5b24-f55e-48d2-8785-9453a2dc583c_larged7e0.jpg]
[cdn.shopify.com/s/files/1/0011/2918/5331/products/29_6a2d6698-40b9-4941-a1e7-e9e2e9127f5b_larged603.jpg]
[cdn.shopify.com/s/files/1/0011/2918/5331/products/30_4055260a-d122-498e-8746-164076c1f7ee_large40b0.jpg]
[cdn.shopify.com/s/files/1/0011/2918/5331/products/31_f734c59d-1e2b-4cd7-a545-94956163d6b8_large29dd.jpg]
[cdn.shopify.com/s/files/1/0011/2918/5331/products/32_4e09a7e1-be3c-49b2-9779-b0505a822f70_large55bf.jpg]
[art-furniture-1.myshopify.com/products/dummy-product-title.html]
[cdn.shopify.com/s/files/1/0011/2918/5331/articles/8_1024x1024abab.jpg]
[cdn.shopify.com/s/files/1/0011/2918/5331/files/585e4beacb11b227491c3399_smallf5fb.png]
[art-furniture-1.myshopify.com/blogs/news/it-is-a-long-established-fact-that-a-reader-will-2.html]
[cdn.shopify.com/s/files/1/0011/2918/5331/articles/11_1024x10244802.jpg]
[art-furniture-1.myshopify.com/blogs/news/it-is-a-long-established-fact-that-a-reader-will-3.html]
[cdn.shopify.com/s/files/1/0011/2918/5331/articles/10_1024x1024f504.jpg]
[art-furniture-1.myshopify.com/blogs/news/temporibus-autem-quibusdam-2.html]
[cdn.shopify.com/s/files/1/0011/2918/5331/articles/12_1024x1024924e.jpg]
[art-furniture-1.myshopify.com/blogs/news/the-standard-chunk-of-lorem-ipsum-used-since-4.html]
[cdn.shopify.com/s/files/1/0011/2918/5331/articles/9_1024x10241db5.jpg]
[art-furniture-1.myshopify.com/blogs/news/the-standard-chunk-of-lorem-ipsum-used-since-3.html]
[cdn.shopify.com/s/files/1/0011/2918/5331/articles/6_1024x10248684.jpg]
[art-furniture-1.myshopify.com/blogs/news/the-standard-chunk-of-lorem-ipsum-used-since-2.html]
[cdn.shopify.com/s/files/1/0011/2918/5331/articles/4_1024x10243fdb.jpg]
[art-furniture-1.myshopify.com/blogs/news/the-standard-chunk-of-lorem-ipsum-used-since-14658.html]
[art-furniture-1.myshopify.com/blogs/news/the-standard-chunk-of-lorem-ipsum-used-since-1.html]
[cdn.shopify.com/s/files/1/0011/2918/5331/articles/5_1024x10243d4e.jpg]
[art-furniture-1.myshopify.com/blogs/news/it-is-a-long-established-fact-that-a-reader-will-1.html]
[cdn.shopify.com/s/files/1/0011/2918/5331/articles/3_1024x10242729.jpg]
[art-furniture-1.myshopify.com/blogs/news/temporibus-autem-quibusdam.html]
[cdn.shopify.com/s/files/1/0011/2918/5331/articles/2_1024x1024dcdf.jpg]
[art-furniture-1.myshopify.com/blogs/news/the-standard-chunk-of-lorem-ipsum-used-since.html]
[cdn.shopify.com/s/files/1/0011/2918/5331/articles/1_1024x1024cd0e.jpg]
[art-furniture-1.myshopify.com/blogs/news/it-is-a-long-established-fact-that-a-reader-will.html]
[art-furniture-1.myshopify.com/pages/shipping-policy.html]
[art-furniture-1.myshopify.com/ABCDEFGHIJKLMNOPQRSTUVWXYZabcdefghijklmnopqrstuvwxyz0123456789+/index.html]
[art-furniture-1.myshopify.com/^([^_/indexd41d.html]
[art-furniture-1.myshopify.com/restserver.34b.delayed]
[connect.facebook.net/en_US/sdk.js]
[cdn.shopify.com/s/files/1/0011/2918/5331/t/2/assets/icons8e40.svg]
[cdn.shopify.com/s/files/1/0011/2918/5331/t/2/assets/ico-select8e40.svg]
[cdn.shopify.com/s/files/1/0011/2918/5331/t/2/assets/owl.video.play.html]
[cdn.shopify.com/s/files/1/0011/2918/5331/t/2/assets/fontawesome-webfont3e6e.svg]
[cdn.shopify.com/s/files/1/0011/2918/5331/t/2/assets/Stroke-Gap-Icons.svg]
[cdn.shopify.com/s/files/1/0011/2918/5331/t/2/img/bg/1.html]
[cdn.shopify.com/s/files/1/0011/2918/5331/t/2/img/bg/2.html]
[cdn.shopify.com/s/files/1/0011/2918/5331/t/2/img/bg/3.html]
[cdn.shopify.com/s/files/1/0011/2918/5331/t/2/img/bg/4.html]
[cdn.shopify.com/s/files/1/0011/2918/5331/t/2/img/bg/5.html]
[cdn.shopify.com/s/files/1/0011/2918/5331/t/2/img/icon/facebook.html]
[cdn.shopify.com/s/files/1/0011/2918/5331/t/2/img/icon/twitter.html]
[cdn.shopify.com/s/files/1/0011/2918/5331/t/2/img/icon/pinterest.html]
[cdn.shopify.com/s/files/1/0011/2918/5331/t/2/img/icon/googleplus.html]
[art-furniture-1.myshopify.com/account/register.html]
[art-furniture-1.myshopify.com/collections/all4658.html]
[cdn.shopify.com/s/files/1/0011/2918/5331/products/13_58978932-829d-46be-951f-0c605bde39ea_grande8f52.jpg]
[cdn.shopify.com/s/files/1/0011/2918/5331/products/12_7575e403-f99d-4543-a1f7-dbc78053e76a_grandef1db.jpg]
[art-furniture-1.myshopify.com/collections/all2679.html]
[cdn.shopify.com/s/files/1/0011/2918/5331/products/11_e76e1204-7455-4d6a-8f10-ad84d0eebb6a_grandec1cb.jpg]
[art-furniture-1.myshopify.com/products/consectetur-adipiscing-elit.oembed]
[cdn.shopify.com/s/files/1/0011/2918/5331/products/11_e76e1204-7455-4d6a-8f10-ad84d0eebb6ac1cb.jpg]
[cdn.shopify.com/s/files/1/0011/2918/5331/products/12_7575e403-f99d-4543-a1f7-dbc78053e76af1db.jpg]
[cdn.shopify.com/s/files/1/0011/2918/5331/products/13_58978932-829d-46be-951f-0c605bde39ea8f52.jpg]
[cdn.shopify.com/s/files/1/0011/2918/5331/products/14_f99c59bc-9f97-4020-a9c8-ce54293ab3164db4.jpg]
[cdn.shopify.com/s/files/1/0011/2918/5331/products/154db4.jpg]
[cdn.shopify.com/s/files/1/0011/2918/5331/products/16bb2e.jpg]
[cdn.shopify.com/s/files/1/0011/2918/5331/products/13_58978932-829d-46be-951f-0c605bde39ea_large8f52.jpg]
[cdn.shopify.com/s/files/1/0011/2918/5331/products/14_f99c59bc-9f97-4020-a9c8-ce54293ab316_large4db4.jpg]
[cdn.shopify.com/s/files/1/0011/2918/5331/products/15_large4db4.jpg]
[cdn.shopify.com/s/files/1/0011/2918/5331/products/16_largebb2e.jpg]
[art-furniture-1.myshopify.com/products/consectetur-adipiscing-elit.html]
[cdn.shopify.com/s/files/1/0011/2918/5331/products/18_grande040a.jpg]
[cdn.shopify.com/s/files/1/0011/2918/5331/products/31_grandecc3a.jpg]
[cdn.shopify.com/s/files/1/0011/2918/5331/products/15_ee40f0a1-18af-4d70-828d-1b7408d9c39b_grandecc3a.jpg]
[cdn.shopify.com/s/files/1/0011/2918/5331/products/15_ee40f0a1-18af-4d70-828d-1b7408d9c39bcc3a.jpg]
[art-furniture-1.myshopify.com/products/cras-neque-metus.oembed]
[cdn.shopify.com/s/files/1/0011/2918/5331/products/31cc3a.jpg]
[cdn.shopify.com/s/files/1/0011/2918/5331/products/18040a.jpg]
[cdn.shopify.com/s/files/1/0011/2918/5331/products/16_56923e9b-380d-401c-a88a-dfb37d691bf325ea.jpg]
[cdn.shopify.com/s/files/1/0011/2918/5331/products/17c779.jpg]
[cdn.shopify.com/s/files/1/0011/2918/5331/products/18_large040a.jpg]
[cdn.shopify.com/s/files/1/0011/2918/5331/products/16_56923e9b-380d-401c-a88a-dfb37d691bf3_large25ea.jpg]
[cdn.shopify.com/s/files/1/0011/2918/5331/products/17_largec779.jpg]
[art-furniture-1.myshopify.com/products/cras-neque-metus.html]
[cdn.shopify.com/s/files/1/0011/2918/5331/products/19_5c074551-3b4c-4edd-ab78-b453e918321f_grande592d.jpg]
[cdn.shopify.com/s/files/1/0011/2918/5331/products/24_grande8b5f.jpg]
[cdn.shopify.com/s/files/1/0011/2918/5331/products/18_857aba5a-a673-4944-8267-96be7d41d229_grandeac38.jpg]
[cdn.shopify.com/s/files/1/0011/2918/5331/products/18_857aba5a-a673-4944-8267-96be7d41d229ac38.jpg]
[art-furniture-1.myshopify.com/products/demo-product-title-3.oembed]
[cdn.shopify.com/s/files/1/0011/2918/5331/products/248b5f.jpg]
[cdn.shopify.com/s/files/1/0011/2918/5331/products/19_5c074551-3b4c-4edd-ab78-b453e918321f592d.jpg]
[cdn.shopify.com/s/files/1/0011/2918/5331/products/20fa6f.jpg]
[cdn.shopify.com/s/files/1/0011/2918/5331/products/21f9f2.jpg]
[cdn.shopify.com/s/files/1/0011/2918/5331/products/22f9f2.jpg]
[cdn.shopify.com/s/files/1/0011/2918/5331/products/19_5c074551-3b4c-4edd-ab78-b453e918321f_large592d.jpg]
[cdn.shopify.com/s/files/1/0011/2918/5331/products/20_largefa6f.jpg]
[cdn.shopify.com/s/files/1/0011/2918/5331/products/21_largef9f2.jpg]
[cdn.shopify.com/s/files/1/0011/2918/5331/products/22_largef9f2.jpg]
[art-furniture-1.myshopify.com/products/demo-product-title-3.html]
[cdn.shopify.com/s/files/1/0011/2918/5331/products/20_bb1279c1-e6d2-4ae8-98b3-018a993183b3_grande007e.jpg]
[cdn.shopify.com/s/files/1/0011/2918/5331/products/34_grandef914.jpg]
[cdn.shopify.com/s/files/1/0011/2918/5331/products/19_c94c4d0e-c316-4bde-8316-0175d15de82b_grandea0af.jpg]
[art-furniture-1.myshopify.com/products/demo-product-title.oembed]
[cdn.shopify.com/s/files/1/0011/2918/5331/products/19_c94c4d0e-c316-4bde-8316-0175d15de82ba0af.jpg]
[cdn.shopify.com/s/files/1/0011/2918/5331/products/34f914.jpg]
[cdn.shopify.com/s/files/1/0011/2918/5331/products/20_bb1279c1-e6d2-4ae8-98b3-018a993183b3007e.jpg]
[cdn.shopify.com/s/files/1/0011/2918/5331/products/21_66cd1ef5-ea31-47dc-afc8-9e8e799341d2cc23.jpg]
[cdn.shopify.com/s/files/1/0011/2918/5331/products/22_a75fd8a9-1ba8-401f-8dd1-37a40327d58acc23.jpg]
[cdn.shopify.com/s/files/1/0011/2918/5331/products/23daa6.jpg]
[cdn.shopify.com/s/files/1/0011/2918/5331/products/20_bb1279c1-e6d2-4ae8-98b3-018a993183b3_large007e.jpg]
[cdn.shopify.com/s/files/1/0011/2918/5331/products/21_66cd1ef5-ea31-47dc-afc8-9e8e799341d2_largecc23.jpg]
[cdn.shopify.com/s/files/1/0011/2918/5331/products/22_a75fd8a9-1ba8-401f-8dd1-37a40327d58a_largecc23.jpg]
[cdn.shopify.com/s/files/1/0011/2918/5331/products/23_largedaa6.jpg]
[art-furniture-1.myshopify.com/products/demo-product-title.html]
[cdn.shopify.com/s/files/1/0011/2918/5331/products/16_945eb68b-062c-4d7b-bffd-777950cd954d_large8841.jpg]
[cdn.shopify.com/s/files/1/0011/2918/5331/products/17_81624525-607a-487c-972c-558bd41ec7b5_large43ac.jpg]
[art-furniture-1.myshopify.com/products/ipsam-voluptatem.html]
[cdn.shopify.com/s/files/1/0011/2918/5331/products/19_350c603a-4460-4c6c-8c1b-8d76b4c1168b_largef167.jpg]
[cdn.shopify.com/s/files/1/0011/2918/5331/products/32_d4b60c26-a298-4e00-b460-91b74ccac5a5_large4fb1.jpg]
[cdn.shopify.com/s/files/1/0011/2918/5331/products/1_0c27c340-21b7-4403-9bd0-3d9c402c25d5_large7d66.jpg]
[cdn.shopify.com/s/files/1/0011/2918/5331/products/2_bd413630-cc11-4564-b5e7-452a95a5c23f_large7fdc.jpg]
[art-furniture-1.myshopify.com/products/neque-porro-quisquam.html]
[cdn.shopify.com/s/files/1/0011/2918/5331/products/5_205b97f6-3597-49c1-baf5-018ef34da9a3_large1d07.jpg]
[cdn.shopify.com/s/files/1/0011/2918/5331/products/6_fe214e6d-fc2d-47ef-a86d-16e374dbcb96_largec8e4.jpg]
[cdn.shopify.com/s/files/1/0011/2918/5331/products/9_db47aec3-e816-4286-bfca-869e74df6ce0_large6860.jpg]
[cdn.shopify.com/s/files/1/0011/2918/5331/products/11_10ebab12-a304-49f1-a35a-39922ce8d433_large9803.jpg]
[art-furniture-1.myshopify.com/collections/all9ba9.html]
[art-furniture-1.myshopify.com/products/product-title-here.html]
[art-furniture-1.myshopify.com/collections/best-seller-products4658.html]
[art-furniture-1.myshopify.com/collections/best-seller-products.oembed]
[art-furniture-1.myshopify.com/collections/best-seller-products.html]
[art-furniture-1.myshopify.com/collections/best-seller-products.atom]
[art-furniture-1.myshopify.com/collections/new-arrivals-products4658.html]
[art-furniture-1.myshopify.com/collections/new-arrivals-products.oembed]
[art-furniture-1.myshopify.com/collections/new-arrivals-products.html]
[art-furniture-1.myshopify.com/collections/new-arrivals-products.atom]
[art-furniture-1.myshopify.com/collections/new-products4658.html]
[art-furniture-1.myshopify.com/collections/new-products.oembed]
[art-furniture-1.myshopify.com/collections/new-products.html]
[art-furniture-1.myshopify.com/collections/new-products.atom]
[art-furniture-1.myshopify.com/collections/onsale-products4658.html]
[art-furniture-1.myshopify.com/collections/onsale-products.oembed]
[art-furniture-1.myshopify.com/collections/onsale-products.html]
[art-furniture-1.myshopify.com/collections/onsale-products.atom]
[art-furniture-1.myshopify.com/collections/all/red.atom]
[art-furniture-1.myshopify.com/collections/all/red.html]
[art-furniture-1.myshopify.com/collections/all/wood.html]
[art-furniture-1.myshopify.com/collections/all/green.html]
[art-furniture-1.myshopify.com/collections/all/green.atom]
[art-furniture-1.myshopify.com/collections/all/blue.html]
[art-furniture-1.myshopify.com/collections/all/blue.atom]
[art-furniture-1.myshopify.com/collections/all/white.html]
[art-furniture-1.myshopify.com/collections/all/white.atom]
[art-furniture-1.myshopify.com/collections/all/yellow.html]
[art-furniture-1.myshopify.com/collections/vendors9932.html]
[art-furniture-1.myshopify.com/collections/vendors7b34.html]
[art-furniture-1.myshopify.com/collections/all/yellow.atom]
[art-furniture-1.myshopify.com/collections/vendorsdb8a.html]
[art-furniture-1.myshopify.com/collections/vendors55ac.html]
[art-furniture-1.myshopify.com/collections/vendors650e.html]
[art-furniture-1.myshopify.com/collections/typesa0fc.html]
[art-furniture-1.myshopify.com/collections/typesd8f6.html]
[art-furniture-1.myshopify.com/collections/types170d.html]
[art-furniture-1.myshopify.com/collections/typese362.html]
[art-furniture-1.myshopify.com/collections/all/xl.html]
[art-furniture-1.myshopify.com/collections/all/xl.atom]
[art-furniture-1.myshopify.com/collections/all/xs.html]
[art-furniture-1.myshopify.com/collections/all/ml.html]
[art-furniture-1.myshopify.com/collections/all/x.html]
[art-furniture-1.myshopify.com/collections/all/m.html]
[art-furniture-1.myshopify.com/collections/all/xs.atom]
[art-furniture-1.myshopify.com/collections/all/l.html]
[art-furniture-1.myshopify.com/collections/all/black.html]
[art-furniture-1.myshopify.com/collections/all/l.atom]
[art-furniture-1.myshopify.com/collections/all/brown.html]
[art-furniture-1.myshopify.com/collections/all/cyan.html]
[art-furniture-1.myshopify.com/collections/all/glass.html]
[art-furniture-1.myshopify.com/collections/all/gold.html]
[art-furniture-1.myshopify.com/collections/all/gray.html]
[art-furniture-1.myshopify.com/collections/all/magenta.html]
[art-furniture-1.myshopify.com/collections/all/orange.html]
[art-furniture-1.myshopify.com/collections/all/brown.atom]
[art-furniture-1.myshopify.com/collections/all/partex.html]
[art-furniture-1.myshopify.com/collections/featured-products4658.html]
[art-furniture-1.myshopify.com/collections/all/pink.html]
[cdn.shopify.com/s/files/1/0011/2918/5331/products/34_0ddc1c14-7b5a-4100-b898-1404aa9c36df_grande7d6f.jpg]
[cdn.shopify.com/s/files/1/0011/2918/5331/products/33_f380d9ac-ab8f-4b2f-809d-6ad15906792b_grandeccbe.jpg]
[cdn.shopify.com/s/files/1/0011/2918/5331/products/32_a276b157-33a6-43d8-88a7-392658a1faca_grandeda79.jpg]
[art-furniture-1.myshopify.com/products/dummy-product-name-8.oembed]
[cdn.shopify.com/s/files/1/0011/2918/5331/products/32_a276b157-33a6-43d8-88a7-392658a1facada79.jpg]
[cdn.shopify.com/s/files/1/0011/2918/5331/products/33_f380d9ac-ab8f-4b2f-809d-6ad15906792bccbe.jpg]
[cdn.shopify.com/s/files/1/0011/2918/5331/products/34_0ddc1c14-7b5a-4100-b898-1404aa9c36df7d6f.jpg]
[cdn.shopify.com/s/files/1/0011/2918/5331/products/35_21eb68b6-6135-4381-abe0-01144f976f677d6f.jpg]
[cdn.shopify.com/s/files/1/0011/2918/5331/products/37_5e1b4f6b-66c4-451b-9528-a9174ca616598fa0.jpg]
[cdn.shopify.com/s/files/1/0011/2918/5331/products/34_0ddc1c14-7b5a-4100-b898-1404aa9c36df_large7d6f.jpg]
[cdn.shopify.com/s/files/1/0011/2918/5331/products/35_21eb68b6-6135-4381-abe0-01144f976f67_large7d6f.jpg]
[cdn.shopify.com/s/files/1/0011/2918/5331/products/37_5e1b4f6b-66c4-451b-9528-a9174ca61659_large8fa0.jpg]
[art-furniture-1.myshopify.com/products/dummy-product-name-8.html]
[cdn.shopify.com/s/files/1/0011/2918/5331/products/34_a3c3fc7d-7a3a-454f-89a8-45d3c637ea91_grande6f7b.jpg]
[cdn.shopify.com/s/files/1/0011/2918/5331/products/31_1261ac0a-59a5-4f7e-aab5-1dc759e1c9f3_grande6f7b.jpg]
[cdn.shopify.com/s/files/1/0011/2918/5331/products/28_b5245b5d-81b3-40b6-b69c-bbfa8bb65e38_grande21b9.jpg]
[cdn.shopify.com/s/files/1/0011/2918/5331/products/28_b5245b5d-81b3-40b6-b69c-bbfa8bb65e3821b9.jpg]
[art-furniture-1.myshopify.com/products/dummy-product-name-5.oembed]
[cdn.shopify.com/s/files/1/0011/2918/5331/products/31_1261ac0a-59a5-4f7e-aab5-1dc759e1c9f36f7b.jpg]
[cdn.shopify.com/s/files/1/0011/2918/5331/products/34_a3c3fc7d-7a3a-454f-89a8-45d3c637ea916f7b.jpg]
[cdn.shopify.com/s/files/1/0011/2918/5331/products/35_66f35397-9b5c-44ba-8247-d5950ce3c8804252.jpg]
[cdn.shopify.com/s/files/1/0011/2918/5331/products/37_8603787e-9990-4050-88f1-b9ee9e59fe1cb337.jpg]
[cdn.shopify.com/s/files/1/0011/2918/5331/products/34_a3c3fc7d-7a3a-454f-89a8-45d3c637ea91_large6f7b.jpg]
[cdn.shopify.com/s/files/1/0011/2918/5331/products/35_66f35397-9b5c-44ba-8247-d5950ce3c880_large4252.jpg]
[cdn.shopify.com/s/files/1/0011/2918/5331/products/37_8603787e-9990-4050-88f1-b9ee9e59fe1c_largeb337.jpg]
[art-furniture-1.myshopify.com/products/dummy-product-name-5.html]
[cdn.shopify.com/s/files/1/0011/2918/5331/products/9_d6561dd3-1869-48a8-8b05-9a32165eb233_grande6832.jpg]
[cdn.shopify.com/s/files/1/0011/2918/5331/products/8_98d25585-0e97-4cb5-a2d2-df73076c1e41_grandea443.jpg]
[cdn.shopify.com/s/files/1/0011/2918/5331/products/7_5137cba5-7c16-4a25-a1cb-9f3fee2c2e07_grande9c6f.jpg]
[cdn.shopify.com/s/files/1/0011/2918/5331/products/7_5137cba5-7c16-4a25-a1cb-9f3fee2c2e079c6f.jpg]
[art-furniture-1.myshopify.com/products/fhasellus-viverra-urna.oembed]
[cdn.shopify.com/s/files/1/0011/2918/5331/products/8_98d25585-0e97-4cb5-a2d2-df73076c1e41a443.jpg]
[cdn.shopify.com/s/files/1/0011/2918/5331/products/9_d6561dd3-1869-48a8-8b05-9a32165eb2336832.jpg]
[cdn.shopify.com/s/files/1/0011/2918/5331/products/23_f201db1f-ae3f-4621-9645-c3314e33076d6832.jpg]
[cdn.shopify.com/s/files/1/0011/2918/5331/products/24_0228c44e-9d36-4708-bbfe-0261785ae8e3347b.jpg]
[cdn.shopify.com/s/files/1/0011/2918/5331/products/25_811c92ba-086d-4630-8219-eb716fdc529371bb.jpg]
[cdn.shopify.com/s/files/1/0011/2918/5331/products/9_d6561dd3-1869-48a8-8b05-9a32165eb233_large6832.jpg]
[cdn.shopify.com/s/files/1/0011/2918/5331/products/23_f201db1f-ae3f-4621-9645-c3314e33076d_large6832.jpg]
[cdn.shopify.com/s/files/1/0011/2918/5331/products/24_0228c44e-9d36-4708-bbfe-0261785ae8e3_large347b.jpg]
[cdn.shopify.com/s/files/1/0011/2918/5331/products/25_811c92ba-086d-4630-8219-eb716fdc5293_large71bb.jpg]
[art-furniture-1.myshopify.com/products/fhasellus-viverra-urna.html]
[cdn.shopify.com/s/files/1/0011/2918/5331/products/25_68c6fd4d-06fc-4ecd-8edd-d64b777188a5_grande460d.jpg]
[cdn.shopify.com/s/files/1/0011/2918/5331/products/12_43477f3c-36ba-4532-8818-f5745b96640f_grande0077.jpg]
[cdn.shopify.com/s/files/1/0011/2918/5331/products/11_cef672b1-da85-4c13-bcef-b7abf52961da_grandecf6e.jpg]
[cdn.shopify.com/s/files/1/0011/2918/5331/products/11_cef672b1-da85-4c13-bcef-b7abf52961dacf6e.jpg]
[art-furniture-1.myshopify.com/products/fugiat-quo-voluptas.oembed]
[cdn.shopify.com/s/files/1/0011/2918/5331/products/12_43477f3c-36ba-4532-8818-f5745b96640f0077.jpg]
[cdn.shopify.com/s/files/1/0011/2918/5331/products/25_68c6fd4d-06fc-4ecd-8edd-d64b777188a5460d.jpg]
[cdn.shopify.com/s/files/1/0011/2918/5331/products/26_6b259bda-e2ad-48d8-aac9-74b83a97acc8460d.jpg]
[cdn.shopify.com/s/files/1/0011/2918/5331/products/27_e2a3021c-cbca-4083-b319-2d97ce497038a65c.jpg]
[cdn.shopify.com/s/files/1/0011/2918/5331/products/28_3b12d092-db41-4256-a874-695d7e1ffe8ef8f3.jpg]
[cdn.shopify.com/s/files/1/0011/2918/5331/products/29_36421138-6095-4b60-b1b0-7dce552e1f03f8f3.jpg]
[cdn.shopify.com/s/files/1/0011/2918/5331/products/25_68c6fd4d-06fc-4ecd-8edd-d64b777188a5_large460d.jpg]
[cdn.shopify.com/s/files/1/0011/2918/5331/products/26_6b259bda-e2ad-48d8-aac9-74b83a97acc8_large460d.jpg]
[cdn.shopify.com/s/files/1/0011/2918/5331/products/27_e2a3021c-cbca-4083-b319-2d97ce497038_largea65c.jpg]
[cdn.shopify.com/s/files/1/0011/2918/5331/products/28_3b12d092-db41-4256-a874-695d7e1ffe8e_largef8f3.jpg]
[cdn.shopify.com/s/files/1/0011/2918/5331/products/29_36421138-6095-4b60-b1b0-7dce552e1f03_largef8f3.jpg]
[art-furniture-1.myshopify.com/products/fugiat-quo-voluptas.html]
[cdn.shopify.com/s/files/1/0011/2918/5331/products/9_fd99f1d4-312b-4d89-8cd3-bd8c697c7570_grandea5a2.jpg]
[cdn.shopify.com/s/files/1/0011/2918/5331/products/8_471c5d3a-0b58-4d58-b1bf-d67aaa373393_grande3e08.jpg]
[cdn.shopify.com/s/files/1/0011/2918/5331/products/7_739bcac3-26f6-403a-a8bc-66d4b6c04591_grande3e08.jpg]
[cdn.shopify.com/s/files/1/0011/2918/5331/products/7_739bcac3-26f6-403a-a8bc-66d4b6c045913e08.jpg]
[art-furniture-1.myshopify.com/products/aliquam-consequatfuck.oembed]
[cdn.shopify.com/s/files/1/0011/2918/5331/products/8_471c5d3a-0b58-4d58-b1bf-d67aaa3733933e08.jpg]
[cdn.shopify.com/s/files/1/0011/2918/5331/products/9_fd99f1d4-312b-4d89-8cd3-bd8c697c7570a5a2.jpg]
[cdn.shopify.com/s/files/1/0011/2918/5331/products/10_14c9b7bc-0357-49e7-b055-0e1c8619a16ffb49.jpg]
[cdn.shopify.com/s/files/1/0011/2918/5331/products/11fb49.jpg]
[cdn.shopify.com/s/files/1/0011/2918/5331/products/12e2ae.jpg]
[cdn.shopify.com/s/files/1/0011/2918/5331/products/9_fd99f1d4-312b-4d89-8cd3-bd8c697c7570_largea5a2.jpg]
[cdn.shopify.com/s/files/1/0011/2918/5331/products/10_14c9b7bc-0357-49e7-b055-0e1c8619a16f_largefb49.jpg]
[cdn.shopify.com/s/files/1/0011/2918/5331/products/11_largefb49.jpg]
[cdn.shopify.com/s/files/1/0011/2918/5331/products/12_largee2ae.jpg]
[art-furniture-1.myshopify.com/products/aliquam-consequatfuck]
[cdn.shopify.com/s/files/1/0011/2918/5331/products/5_41d09b11-2ded-4911-b932-3e542dad52a3_grande4eec.jpg]
[cdn.shopify.com/s/files/1/0011/2918/5331/products/4_101ff063-3a3a-4772-9e4b-4cc6b0ca43b8_granded2c8.jpg]
[cdn.shopify.com/s/files/1/0011/2918/5331/products/3_cb9e4770-0bfe-48f3-a613-1a1984361796_granded2c8.jpg]
[cdn.shopify.com/s/files/1/0011/2918/5331/products/3_cb9e4770-0bfe-48f3-a613-1a1984361796d2c8.jpg]
[art-furniture-1.myshopify.com/products/affiliate-link-product.oembed]
[cdn.shopify.com/s/files/1/0011/2918/5331/products/4_101ff063-3a3a-4772-9e4b-4cc6b0ca43b8d2c8.jpg]
[cdn.shopify.com/s/files/1/0011/2918/5331/products/5_41d09b11-2ded-4911-b932-3e542dad52a34eec.jpg]
[cdn.shopify.com/s/files/1/0011/2918/5331/products/6_1bbf3549-c8fb-4534-ad6f-5fecc39b2c23fc5f.jpg]
[cdn.shopify.com/s/files/1/0011/2918/5331/products/7fc5f.jpg]
[cdn.shopify.com/s/files/1/0011/2918/5331/products/85b54.jpg]
[cdn.shopify.com/s/files/1/0011/2918/5331/products/5_41d09b11-2ded-4911-b932-3e542dad52a3_large4eec.jpg]
[cdn.shopify.com/s/files/1/0011/2918/5331/products/6_1bbf3549-c8fb-4534-ad6f-5fecc39b2c23_largefc5f.jpg]
[cdn.shopify.com/s/files/1/0011/2918/5331/products/7_largefc5f.jpg]
[cdn.shopify.com/s/files/1/0011/2918/5331/products/8_large5b54.jpg]
[art-furniture-1.myshopify.com/products/affiliate-link-product]
[art-furniture-1.myshopify.com/blogs/news4658.html]
[pinterest.com/pin/create/button/index50bf.html]
[cdn.shopify.com/s/files/1/0011/2918/5331/products/15_7c8df3b0-947e-40ce-a31d-f17d7605902b_grande5262.jpg]
[art-furniture-1.myshopify.com/blogs/news2679.html]
[cdn.shopify.com/s/files/1/0011/2918/5331/products/14_d6bba28b-578a-4d3d-be3a-49c9f426a9b2_grande5262.jpg]
[cdn.shopify.com/s/files/1/0011/2918/5331/products/13_9d861527-b62f-47a5-95e2-62dd1ab75db1_grande40c8.jpg]
[cdn.shopify.com/s/files/1/0011/2918/5331/products/13_9d861527-b62f-47a5-95e2-62dd1ab75db140c8.jpg]
[art-furniture-1.myshopify.com/products/voluptatem-accusantium.oembed]
[cdn.shopify.com/s/files/1/0011/2918/5331/products/14_d6bba28b-578a-4d3d-be3a-49c9f426a9b25262.jpg]
[cdn.shopify.com/s/files/1/0011/2918/5331/products/15_7c8df3b0-947e-40ce-a31d-f17d7605902b5262.jpg]
[cdn.shopify.com/s/files/1/0011/2918/5331/products/16_6f941a08-148d-46dc-892f-8be2278c75043b7e.jpg]
[cdn.shopify.com/s/files/1/0011/2918/5331/products/17_6a9125f0-5a5e-458c-bd9a-a424da523312d862.jpg]
[cdn.shopify.com/s/files/1/0011/2918/5331/products/18_cef93d99-9e2a-4a3f-8314-d0265fdfa92e7665.jpg]
[cdn.shopify.com/s/files/1/0011/2918/5331/products/19_f5aa3915-01a3-4a25-bf61-e93e7173f25decea.jpg]
[cdn.shopify.com/s/files/1/0011/2918/5331/products/20_4ea1ebe4-3e7f-41a2-a5ae-89219267f7a2bb0e.jpg]
[cdn.shopify.com/s/files/1/0011/2918/5331/products/15_7c8df3b0-947e-40ce-a31d-f17d7605902b_large5262.jpg]
[cdn.shopify.com/s/files/1/0011/2918/5331/products/16_6f941a08-148d-46dc-892f-8be2278c7504_large3b7e.jpg]
[cdn.shopify.com/s/files/1/0011/2918/5331/products/17_6a9125f0-5a5e-458c-bd9a-a424da523312_larged862.jpg]
[cdn.shopify.com/s/files/1/0011/2918/5331/products/18_cef93d99-9e2a-4a3f-8314-d0265fdfa92e_large7665.jpg]
[cdn.shopify.com/s/files/1/0011/2918/5331/products/19_f5aa3915-01a3-4a25-bf61-e93e7173f25d_largeecea.jpg]
[cdn.shopify.com/s/files/1/0011/2918/5331/products/20_4ea1ebe4-3e7f-41a2-a5ae-89219267f7a2_largebb0e.jpg]
[art-furniture-1.myshopify.com/products/voluptatem-accusantium.html]
[cdn.shopify.com/s/files/1/0011/2918/5331/products/12_9c8fc3c3-8d16-4f25-9a0e-903f1aeff597_grandeac03.jpg]
[cdn.shopify.com/s/files/1/0011/2918/5331/products/11_b867eabf-65a6-4bfc-bc36-618b72c7215a_grande9d91.jpg]
[cdn.shopify.com/s/files/1/0011/2918/5331/products/10_de0a9925-4e16-4dce-af6f-f3e33aefe843_grande6fa0.jpg]
[art-furniture-1.myshopify.com/products/special-wood-basket.oembed]
[cdn.shopify.com/s/files/1/0011/2918/5331/products/10_de0a9925-4e16-4dce-af6f-f3e33aefe8436fa0.jpg]
[cdn.shopify.com/s/files/1/0011/2918/5331/products/11_b867eabf-65a6-4bfc-bc36-618b72c7215a9d91.jpg]
[cdn.shopify.com/s/files/1/0011/2918/5331/products/12_9c8fc3c3-8d16-4f25-9a0e-903f1aeff597ac03.jpg]
[cdn.shopify.com/s/files/1/0011/2918/5331/products/13_8103017c-2597-473e-9417-364e5cb1e3421b86.jpg]
[cdn.shopify.com/s/files/1/0011/2918/5331/products/14_2abd2b2b-de2a-4da7-8a1d-4e2e8a742ae61b86.jpg]
[cdn.shopify.com/s/files/1/0011/2918/5331/products/15_59cb90e1-de32-46bd-83f4-9e1882537792f9a1.jpg]
[cdn.shopify.com/s/files/1/0011/2918/5331/products/16_43ed0bf6-ad92-4cae-9e9b-05c25d888c98d0fd.jpg]
[cdn.shopify.com/s/files/1/0011/2918/5331/products/12_9c8fc3c3-8d16-4f25-9a0e-903f1aeff597_largeac03.jpg]
[cdn.shopify.com/s/files/1/0011/2918/5331/products/13_8103017c-2597-473e-9417-364e5cb1e342_large1b86.jpg]
[cdn.shopify.com/s/files/1/0011/2918/5331/products/14_2abd2b2b-de2a-4da7-8a1d-4e2e8a742ae6_large1b86.jpg]
[cdn.shopify.com/s/files/1/0011/2918/5331/products/15_59cb90e1-de32-46bd-83f4-9e1882537792_largef9a1.jpg]
[cdn.shopify.com/s/files/1/0011/2918/5331/products/16_43ed0bf6-ad92-4cae-9e9b-05c25d888c98_larged0fd.jpg]
[art-furniture-1.myshopify.com/products/special-wood-basket.html]
[cdn.shopify.com/s/files/1/0011/2918/5331/products/28_8deb98cb-94aa-4a49-9f23-f5292bb3f27f_grande7b80.jpg]
[cdn.shopify.com/s/files/1/0011/2918/5331/products/27_75be6c37-9ff6-43ac-a5ea-bdea8d9925a6_grandea8ef.jpg]
[cdn.shopify.com/s/files/1/0011/2918/5331/products/15_0a549cd1-fd2c-468c-a852-be1b633b8274_grande4472.jpg]
[cdn.shopify.com/s/files/1/0011/2918/5331/products/15_0a549cd1-fd2c-468c-a852-be1b633b82744472.jpg]
[art-furniture-1.myshopify.com/products/illo-inventore-veritatis.oembed]
[cdn.shopify.com/s/files/1/0011/2918/5331/products/27_75be6c37-9ff6-43ac-a5ea-bdea8d9925a6a8ef.jpg]
[cdn.shopify.com/s/files/1/0011/2918/5331/products/28_8deb98cb-94aa-4a49-9f23-f5292bb3f27f7b80.jpg]
[cdn.shopify.com/s/files/1/0011/2918/5331/products/29_b26bf4c5-7448-4f9a-89ac-adabfea172f97b80.jpg]
[cdn.shopify.com/s/files/1/0011/2918/5331/products/30_ad780738-2224-4b75-bfdc-cee4ea6f6df43bcb.jpg]
[cdn.shopify.com/s/files/1/0011/2918/5331/products/31_be52084e-106c-422f-87ee-04221c976343db27.jpg]
[cdn.shopify.com/s/files/1/0011/2918/5331/products/28_8deb98cb-94aa-4a49-9f23-f5292bb3f27f_large7b80.jpg]
[cdn.shopify.com/s/files/1/0011/2918/5331/products/29_b26bf4c5-7448-4f9a-89ac-adabfea172f9_large7b80.jpg]
[cdn.shopify.com/s/files/1/0011/2918/5331/products/30_ad780738-2224-4b75-bfdc-cee4ea6f6df4_large3bcb.jpg]
[cdn.shopify.com/s/files/1/0011/2918/5331/products/31_be52084e-106c-422f-87ee-04221c976343_largedb27.jpg]
[art-furniture-1.myshopify.com/products/illo-inventore-veritatis.html]
[cdn.shopify.com/s/files/1/0011/2918/5331/products/33_1554cba1-9d10-43c8-9515-7621f28589c7_grande66fc.jpg]
[cdn.shopify.com/s/files/1/0011/2918/5331/products/30_3f175690-d5ab-4486-9ebc-abeab9f47281_grande66fc.jpg]
[cdn.shopify.com/s/files/1/0011/2918/5331/products/26_06a288c9-3538-4914-9673-32e255117aa0_grandeb19a.jpg]
[cdn.shopify.com/s/files/1/0011/2918/5331/products/26_06a288c9-3538-4914-9673-32e255117aa0b19a.jpg]
[art-furniture-1.myshopify.com/products/dummy-product-name-4.oembed]
[cdn.shopify.com/s/files/1/0011/2918/5331/products/30_3f175690-d5ab-4486-9ebc-abeab9f4728166fc.jpg]
[cdn.shopify.com/s/files/1/0011/2918/5331/products/33_1554cba1-9d10-43c8-9515-7621f28589c766fc.jpg]
[cdn.shopify.com/s/files/1/0011/2918/5331/products/34_53eca5c7-6172-4586-8f2b-bf5b87526f968d63.jpg]
[cdn.shopify.com/s/files/1/0011/2918/5331/products/35_3c5beddf-4a77-492b-a1a6-b994d56446654a50.jpg]
[cdn.shopify.com/s/files/1/0011/2918/5331/products/37_01921395-2272-47e3-9e4c-197fa212d5f24a50.jpg]
[cdn.shopify.com/s/files/1/0011/2918/5331/products/33_1554cba1-9d10-43c8-9515-7621f28589c7_large66fc.jpg]
[cdn.shopify.com/s/files/1/0011/2918/5331/products/34_53eca5c7-6172-4586-8f2b-bf5b87526f96_large8d63.jpg]
[cdn.shopify.com/s/files/1/0011/2918/5331/products/35_3c5beddf-4a77-492b-a1a6-b994d5644665_large4a50.jpg]
[cdn.shopify.com/s/files/1/0011/2918/5331/products/37_01921395-2272-47e3-9e4c-197fa212d5f2_large4a50.jpg]
[art-furniture-1.myshopify.com/products/dummy-product-name-4]
[art-furniture-1.myshopify.com/collections/random-products4658.html]
[art-furniture-1.myshopify.com/collections/random-products.oembed]
[art-furniture-1.myshopify.com/collections/random-products.html]
[art-furniture-1.myshopify.com/collections/random-products.atom]
[art-furniture-1.myshopify.com/collections/trending-product4658.html]
[art-furniture-1.myshopify.com/collections/trending-product.oembed]
[art-furniture-1.myshopify.com/collections/trending-product.html]
[pinterest.com/pin/create/button/index3f1c.html]
[pinterest.com/pin/create/button/index49eb.html]
[pinterest.com/pin/create/button/indexfc7a.html]
[pinterest.com/pin/create/button/indexe9d1.html]
[art-furniture-1.myshopify.com/collections/trending-product.atom]
[pinterest.com/pin/create/button/index677c.html]
[pinterest.com/pin/create/button/indexdc83.html]
[pinterest.com/pin/create/button/index141a.html]
[art-furniture-1.myshopify.com/blogs/news/the-standard-chunk-of-lorem-ipsum-used-since-14658.html]
[pinterest.com/pin/create/button/index1a0a.html]
[pinterest.com/pin/create/button/indexbded.html]
[pinterest.com/pin/create/button/index97bd.html]
[pinterest.com/pin/create/button/index822e.html]
[art-furniture-1.myshopify.com/ABCDEFGHIJKLMNOPQRSTUVWXYZabcdefghijklmnopqrstuvwxyz0123456789+/index.html]
[art-furniture-1.myshopify.com/^([^_/indexd41d.html]
[art-furniture-1.myshopify.com/restserver.html]
[art-furniture-1.myshopify.com/collections/all2679.html]
[art-furniture-1.myshopify.com/blogs/news/the-standard-chunk-of-lorem-ipsum-used-since-12679.html]
[cdn.shopify.com/s/files/1/0011/2918/5331/products/18_7d510b2e-c738-4d1d-8c1f-97b7ae1125de_grande8296.jpg]
[cdn.shopify.com/s/files/1/0011/2918/5331/products/17_81624525-607a-487c-972c-558bd41ec7b5_grande43ac.jpg]
[cdn.shopify.com/s/files/1/0011/2918/5331/products/16_945eb68b-062c-4d7b-bffd-777950cd954d_grande8841.jpg]
[cdn.shopify.com/s/files/1/0011/2918/5331/products/16_945eb68b-062c-4d7b-bffd-777950cd954d8841.jpg]
[art-furniture-1.myshopify.com/products/ipsam-voluptatem.oembed]
[cdn.shopify.com/s/files/1/0011/2918/5331/products/17_81624525-607a-487c-972c-558bd41ec7b543ac.jpg]
[cdn.shopify.com/s/files/1/0011/2918/5331/products/18_7d510b2e-c738-4d1d-8c1f-97b7ae1125de8296.jpg]
[cdn.shopify.com/s/files/1/0011/2918/5331/products/19_521cef21-acad-4790-9f75-62b8a285e9b60515.jpg]
[cdn.shopify.com/s/files/1/0011/2918/5331/products/20_b53ba546-5fc9-4828-ac19-e7cd0d6d00ca0515.jpg]
[cdn.shopify.com/s/files/1/0011/2918/5331/products/18_7d510b2e-c738-4d1d-8c1f-97b7ae1125de_large8296.jpg]
[cdn.shopify.com/s/files/1/0011/2918/5331/products/19_521cef21-acad-4790-9f75-62b8a285e9b6_large0515.jpg]
[cdn.shopify.com/s/files/1/0011/2918/5331/products/20_b53ba546-5fc9-4828-ac19-e7cd0d6d00ca_large0515.jpg]
[art-furniture-1.myshopify.com/products/ipsam-voluptatem.html]
[cdn.shopify.com/s/files/1/0011/2918/5331/products/3_c8b43695-7100-4632-84d6-e433d2cd996d_grandef5a8.jpg]
[cdn.shopify.com/s/files/1/0011/2918/5331/products/2_bd413630-cc11-4564-b5e7-452a95a5c23f_grande7fdc.jpg]
[cdn.shopify.com/s/files/1/0011/2918/5331/products/1_0c27c340-21b7-4403-9bd0-3d9c402c25d5_grande7d66.jpg]
[art-furniture-1.myshopify.com/products/lorem-ipsum-dolor-siteiusmod]
[cdn.shopify.com/s/files/1/0011/2918/5331/products/1_0c27c340-21b7-4403-9bd0-3d9c402c25d57d66.jpg]
[cdn.shopify.com/s/files/1/0011/2918/5331/products/2_bd413630-cc11-4564-b5e7-452a95a5c23f7fdc.jpg]
[cdn.shopify.com/s/files/1/0011/2918/5331/products/3_c8b43695-7100-4632-84d6-e433d2cd996df5a8.jpg]
[cdn.shopify.com/s/files/1/0011/2918/5331/products/4_8c9ede08-5eaf-4014-bf36-63588f39f4166be2.jpg]
[cdn.shopify.com/s/files/1/0011/2918/5331/products/5_74e3004a-f14a-450d-9d0a-e548805512f26be2.jpg]
[cdn.shopify.com/s/files/1/0011/2918/5331/products/6_878980c6-9e30-4a0a-805f-3e3b70cca6f7b9d2.jpg]
[cdn.shopify.com/s/files/1/0011/2918/5331/products/3_c8b43695-7100-4632-84d6-e433d2cd996d_largef5a8.jpg]
[cdn.shopify.com/s/files/1/0011/2918/5331/products/4_8c9ede08-5eaf-4014-bf36-63588f39f416_large6be2.jpg]
[cdn.shopify.com/s/files/1/0011/2918/5331/products/5_74e3004a-f14a-450d-9d0a-e548805512f2_large6be2.jpg]
[cdn.shopify.com/s/files/1/0011/2918/5331/products/6_878980c6-9e30-4a0a-805f-3e3b70cca6f7_largeb9d2.jpg]
[art-furniture-1.myshopify.com/products/neque-porro-quisquam.html]
[cdn.shopify.com/s/files/1/0011/2918/5331/products/12_dfe7ff93-71e6-45b6-8dc7-de19d0d0f6bd_grande9803.jpg]
[cdn.shopify.com/s/files/1/0011/2918/5331/products/11_10ebab12-a304-49f1-a35a-39922ce8d433_grande9803.jpg]
[cdn.shopify.com/s/files/1/0011/2918/5331/products/9_db47aec3-e816-4286-bfca-869e74df6ce0_grande6860.jpg]
[art-furniture-1.myshopify.com/products/product-demo-title-2]
[cdn.shopify.com/s/files/1/0011/2918/5331/products/9_db47aec3-e816-4286-bfca-869e74df6ce06860.jpg]
[cdn.shopify.com/s/files/1/0011/2918/5331/products/11_10ebab12-a304-49f1-a35a-39922ce8d4339803.jpg]
[cdn.shopify.com/s/files/1/0011/2918/5331/products/12_dfe7ff93-71e6-45b6-8dc7-de19d0d0f6bd9803.jpg]
[cdn.shopify.com/s/files/1/0011/2918/5331/products/13_88038ed7-b008-43e4-bcbe-39d29d3113e0459e.jpg]
[cdn.shopify.com/s/files/1/0011/2918/5331/products/14_4f7fce8d-3920-4d29-bf76-4124eeb3e36967da.jpg]
[cdn.shopify.com/s/files/1/0011/2918/5331/products/15_732776ef-0ec4-4e4c-833e-1f1ddae51d1f7629.jpg]
[cdn.shopify.com/s/files/1/0011/2918/5331/products/16_7a05d1bd-bdc6-4033-b009-9884c29733967629.jpg]
[cdn.shopify.com/s/files/1/0011/2918/5331/products/12_dfe7ff93-71e6-45b6-8dc7-de19d0d0f6bd_large9803.jpg]
[cdn.shopify.com/s/files/1/0011/2918/5331/products/13_88038ed7-b008-43e4-bcbe-39d29d3113e0_large459e.jpg]
[cdn.shopify.com/s/files/1/0011/2918/5331/products/14_4f7fce8d-3920-4d29-bf76-4124eeb3e369_large67da.jpg]
[cdn.shopify.com/s/files/1/0011/2918/5331/products/15_732776ef-0ec4-4e4c-833e-1f1ddae51d1f_large7629.jpg]
[cdn.shopify.com/s/files/1/0011/2918/5331/products/16_7a05d1bd-bdc6-4033-b009-9884c2973396_large7629.jpg]
[art-furniture-1.myshopify.com/products/product-title-here.html]
[art-furniture-1.myshopify.com/collections/best-seller-products2679.html]
[art-furniture-1.myshopify.com/collections/best-seller-products4658.html]
[art-furniture-1.myshopify.com/collections/best-seller-products4658.oembed]
[art-furniture-1.myshopify.com/collections/new-arrivals-products2679.html]
[art-furniture-1.myshopify.com/collections/new-arrivals-products4658.html]
[art-furniture-1.myshopify.com/collections/new-arrivals-products4658.oembed]
[art-furniture-1.myshopify.com/collections/new-products2679.html]
[art-furniture-1.myshopify.com/collections/new-products4658.html]
[art-furniture-1.myshopify.com/collections/new-products4658.oembed]
[art-furniture-1.myshopify.com/collections/onsale-products2679.html]
[art-furniture-1.myshopify.com/collections/onsale-products4658.html]
[art-furniture-1.myshopify.com/collections/onsale-products4658.oembed]
[art-furniture-1.myshopify.com/collections/all/wood.html]
[art-furniture-1.myshopify.com/collections/all/steel.html]
[art-furniture-1.myshopify.com/collections/all/purple.html]
[art-furniture-1.myshopify.com/collections/all/violet.html]
[art-furniture-1.myshopify.com/collections/all/partex-2.html]
[art-furniture-1.myshopify.com/collections/featured-products2679.html]
[art-furniture-1.myshopify.com/collections/featured-products4658-2.html]
[art-furniture-1.myshopify.com/blogs/news2679.html]
[art-furniture-1.myshopify.com/collections/all/wood.atom]
[pinterest.com/pin/create/button/index3284.html]
[art-furniture-1.myshopify.com/collections/random-products2679.html]
[art-furniture-1.myshopify.com/collections/random-products4658.html]
[art-furniture-1.myshopify.com/collections/random-products4658.oembed]
[art-furniture-1.myshopify.com/collections/trending-product2679.html]
[art-furniture-1.myshopify.com/collections/trending-product4658.html]
[pinterest.com/pin/create/button/index0bce.html]
[pinterest.com/pin/create/button/index3f1c-2.html]
[pinterest.com/pin/create/button/index2e8c.html]
[pinterest.com/pin/create/button/index5e44.html]
[pinterest.com/pin/create/button/index0506.html]
[pinterest.com/pin/create/button/index426f.html]
[pinterest.com/pin/create/button/index0077.html]
[art-furniture-1.myshopify.com/blogs/news/the-standard-chunk-of-lorem-ipsum-used-since-12679.html]
[pinterest.com/pin/create/button/index6a37.html]
[pinterest.com/pin/create/button/index02b8.html]
[pinterest.com/pin/create/button/indexc01a.html]
[pinterest.com/pin/create/button/indexd0c4.html]
[art-furniture-1.myshopify.com/collections/trending-product4658.oembed]
[cdn.shopify.com/s/files/1/0011/2918/5331/products/34_4bf0310b-5781-4b29-8738-d409b4ed3ea3_grande4fb1.jpg]
[cdn.shopify.com/s/files/1/0011/2918/5331/products/32_d4b60c26-a298-4e00-b460-91b74ccac5a5_grande4fb1.jpg]
[cdn.shopify.com/s/files/1/0011/2918/5331/products/19_350c603a-4460-4c6c-8c1b-8d76b4c1168b_grandef167.jpg]
[art-furniture-1.myshopify.com/products/lorem-ipsum-dolor-siteiusmod.oembed]
[cdn.shopify.com/s/files/1/0011/2918/5331/products/19_350c603a-4460-4c6c-8c1b-8d76b4c1168bf167.jpg]
[cdn.shopify.com/s/files/1/0011/2918/5331/products/32_d4b60c26-a298-4e00-b460-91b74ccac5a54fb1.jpg]
[cdn.shopify.com/s/files/1/0011/2918/5331/products/34_4bf0310b-5781-4b29-8738-d409b4ed3ea34fb1.jpg]
[cdn.shopify.com/s/files/1/0011/2918/5331/products/35_b5307d42-81ad-4288-a82f-47198d2062b73ad4.jpg]
[cdn.shopify.com/s/files/1/0011/2918/5331/products/37_c1a43921-094c-4b8f-93a2-6e5a53f904e2aad9.jpg]
[cdn.shopify.com/s/files/1/0011/2918/5331/products/34_4bf0310b-5781-4b29-8738-d409b4ed3ea3_large4fb1.jpg]
[cdn.shopify.com/s/files/1/0011/2918/5331/products/35_b5307d42-81ad-4288-a82f-47198d2062b7_large3ad4.jpg]
[cdn.shopify.com/s/files/1/0011/2918/5331/products/37_c1a43921-094c-4b8f-93a2-6e5a53f904e2_largeaad9.jpg]
[art-furniture-1.myshopify.com/products/lorem-ipsum-dolor-siteiusmod]
[cdn.shopify.com/s/files/1/0011/2918/5331/products/7_920d5875-c10f-463d-9a17-9f693e07f41b_grande8988.jpg]
[cdn.shopify.com/s/files/1/0011/2918/5331/products/6_fe214e6d-fc2d-47ef-a86d-16e374dbcb96_grandec8e4.jpg]
[cdn.shopify.com/s/files/1/0011/2918/5331/products/5_205b97f6-3597-49c1-baf5-018ef34da9a3_grande1d07.jpg]
[art-furniture-1.myshopify.com/products/neque-porro-quisquam.oembed]
[cdn.shopify.com/s/files/1/0011/2918/5331/products/5_205b97f6-3597-49c1-baf5-018ef34da9a31d07.jpg]
[art-furniture-1.myshopify.com/products/product-demo-title-2.oembed]
[cdn.shopify.com/s/files/1/0011/2918/5331/products/6_fe214e6d-fc2d-47ef-a86d-16e374dbcb96c8e4.jpg]
[cdn.shopify.com/s/files/1/0011/2918/5331/products/7_920d5875-c10f-463d-9a17-9f693e07f41b8988.jpg]
[cdn.shopify.com/s/files/1/0011/2918/5331/products/8_2411e8ed-946d-4f3c-822b-d1d286bdb3068988.jpg]
[cdn.shopify.com/s/files/1/0011/2918/5331/products/9_f673473f-fc0a-4298-a970-9274540f9f441a18.jpg]
[cdn.shopify.com/s/files/1/0011/2918/5331/products/10_b6f02fdd-74a4-4d07-b64c-05c58d2ca60f4553.jpg]
[cdn.shopify.com/s/files/1/0011/2918/5331/products/11_f866702d-22d6-49c8-855a-3fab45974277cdff.jpg]
[cdn.shopify.com/s/files/1/0011/2918/5331/products/7_920d5875-c10f-463d-9a17-9f693e07f41b_large8988.jpg]
[cdn.shopify.com/s/files/1/0011/2918/5331/products/8_2411e8ed-946d-4f3c-822b-d1d286bdb306_large8988.jpg]
[cdn.shopify.com/s/files/1/0011/2918/5331/products/9_f673473f-fc0a-4298-a970-9274540f9f44_large1a18.jpg]
[cdn.shopify.com/s/files/1/0011/2918/5331/products/10_b6f02fdd-74a4-4d07-b64c-05c58d2ca60f_large4553.jpg]
[cdn.shopify.com/s/files/1/0011/2918/5331/products/11_f866702d-22d6-49c8-855a-3fab45974277_largecdff.jpg]
[art-furniture-1.myshopify.com/products/product-demo-title-2]
[art-furniture-1.myshopify.com/collections/best-seller-products2679.html]
[art-furniture-1.myshopify.com/collections/new-arrivals-products2679.html]
[art-furniture-1.myshopify.com/collections/new-products2679.html]
[art-furniture-1.myshopify.com/collections/onsale-products2679.html]
[art-furniture-1.myshopify.com/collections/random-products2679.html]
[art-furniture-1.myshopify.com/collections/trending-product2679.html]
[art-furniture-1.myshopify.com/products/product-title-here.oembed]
